#
# There is insufficient memory for the Java Runtime Environment to continue.
# Native memory allocation (malloc) failed to allocate 817008 bytes for Chunk::new
# Possible reasons:
#   The system is out of physical RAM or swap space
#   The process is running with CompressedOops enabled, and the Java Heap may be blocking the growth of the native heap
# Possible solutions:
#   Reduce memory load on the system
#   Increase physical memory or swap space
#   Check if swap backing store is full
#   Decrease Java heap size (-Xmx/-Xms)
#   Decrease number of Java threads
#   Decrease Java thread stack sizes (-Xss)
#   Set larger code cache with -XX:ReservedCodeCacheSize=
#   JVM is running with Unscaled Compressed Oops mode in which the Java heap is
#     placed in the first 4GB address space. The Java Heap base address is the
#     maximum limit for the native heap growth. Please use -XX:HeapBaseMinAddress
#     to set the Java Heap base and to place the Java Heap above 4GB virtual address.
# This output file may be truncated or incomplete.
#
#  Out of Memory Error (arena.cpp:189), pid=9604, tid=22876
#
# JRE version: Java(TM) SE Runtime Environment (17.0.9+11) (build 17.0.9+11-LTS-201)
# Java VM: Java HotSpot(TM) 64-Bit Server VM (17.0.9+11-LTS-201, mixed mode, sharing, tiered, compressed oops, compressed class ptrs, g1 gc, windows-amd64)
# No core dump will be written. Minidumps are not enabled by default on client versions of Windows
#

---------------  S U M M A R Y ------------

Command Line: -Dfile.encoding=UTF-8 -Dstdout.encoding=UTF-8 -Dstderr.encoding=UTF-8 -XX:+ShowCodeDetailsInExceptionMessages handleWebElement.WebElementLocator

Host: 11th Gen Intel(R) Core(TM) i3-1115G4 @ 3.00GHz, 4 cores, 7G,  Windows 10 , 64 bit Build 19041 (10.0.19041.3570)
Time: Fri Nov 10 17:42:25 2023 India Standard Time elapsed time: 2.435156 seconds (0d 0h 0m 2s)

---------------  T H R E A D  ---------------

Current thread (0x000001c74fdf1a20):  JavaThread "C2 CompilerThread0" daemon [_thread_in_native, id=22876, stack(0x00000044c2900000,0x00000044c2a00000)]


Current CompileTask:
C2:   2435 1497       4       java.net.URLStreamHandler::parseURL (1201 bytes)

Stack: [0x00000044c2900000,0x00000044c2a00000]
Native frames: (J=compiled Java code, j=interpreted, Vv=VM code, C=native code)
V  [jvm.dll+0x678a4a]
V  [jvm.dll+0x7d9cfd]
V  [jvm.dll+0x7db60e]
V  [jvm.dll+0x7dbc73]
V  [jvm.dll+0x245e1f]
V  [jvm.dll+0xaaafb]
V  [jvm.dll+0xab09c]
V  [jvm.dll+0x36237e]
V  [jvm.dll+0x32ca01]
V  [jvm.dll+0x32be9a]
V  [jvm.dll+0x21812f]
V  [jvm.dll+0x217561]
V  [jvm.dll+0x1a3bc0]
V  [jvm.dll+0x2272de]
V  [jvm.dll+0x22548b]
V  [jvm.dll+0x78f58c]
V  [jvm.dll+0x78998a]
V  [jvm.dll+0x677875]
C  [ucrtbase.dll+0x21bb2]
C  [KERNEL32.DLL+0x17344]
C  [ntdll.dll+0x526b1]


---------------  P R O C E S S  ---------------

Threads class SMR info:
_java_thread_list=0x000001c7961d0370, length=22, elements={
0x000001c73264b2c0, 0x000001c74fdce430, 0x000001c74fdcf040, 0x000001c74fddec70,
0x000001c74fddf740, 0x000001c74fde4030, 0x000001c74fde5910, 0x000001c74fdf1a20,
0x000001c74fdf23e0, 0x000001c74fdfc900, 0x000001c7950b3a40, 0x000001c7950b2600,
0x000001c7950b3f50, 0x000001c7950b4970, 0x000001c7950b4e80, 0x000001c7950b3530,
0x000001c7950b5390, 0x000001c7950b58a0, 0x000001c7950b20f0, 0x000001c7950b2b10,
0x000001c7950b3020, 0x000001c79622a740
}

Java Threads: ( => current thread )
  0x000001c73264b2c0 JavaThread "Forwarding newSession on session null to remote" [_thread_in_vm, id=22332, stack(0x00000044c1c00000,0x00000044c1d00000)]
  0x000001c74fdce430 JavaThread "Reference Handler" daemon [_thread_blocked, id=3412, stack(0x00000044c2300000,0x00000044c2400000)]
  0x000001c74fdcf040 JavaThread "Finalizer" daemon [_thread_blocked, id=3760, stack(0x00000044c2400000,0x00000044c2500000)]
  0x000001c74fddec70 JavaThread "Signal Dispatcher" daemon [_thread_blocked, id=14808, stack(0x00000044c2500000,0x00000044c2600000)]
  0x000001c74fddf740 JavaThread "Attach Listener" daemon [_thread_blocked, id=33136, stack(0x00000044c2600000,0x00000044c2700000)]
  0x000001c74fde4030 JavaThread "Service Thread" daemon [_thread_blocked, id=12172, stack(0x00000044c2700000,0x00000044c2800000)]
  0x000001c74fde5910 JavaThread "Monitor Deflation Thread" daemon [_thread_blocked, id=33612, stack(0x00000044c2800000,0x00000044c2900000)]
=>0x000001c74fdf1a20 JavaThread "C2 CompilerThread0" daemon [_thread_in_native, id=22876, stack(0x00000044c2900000,0x00000044c2a00000)]
  0x000001c74fdf23e0 JavaThread "C1 CompilerThread0" daemon [_thread_in_native, id=20436, stack(0x00000044c2a00000,0x00000044c2b00000)]
  0x000001c74fdfc900 JavaThread "Sweeper thread" daemon [_thread_blocked, id=22808, stack(0x00000044c2b00000,0x00000044c2c00000)]
  0x000001c7950b3a40 JavaThread "Notification Thread" daemon [_thread_blocked, id=21852, stack(0x00000044c2c00000,0x00000044c2d00000)]
  0x000001c7950b2600 JavaThread "Common-Cleaner" daemon [_thread_blocked, id=21884, stack(0x00000044c2e00000,0x00000044c2f00000)]
  0x000001c7950b3f50 JavaThread "ForkJoinPool.commonPool-worker-1" daemon [_thread_blocked, id=2736, stack(0x00000044c3000000,0x00000044c3100000)]
  0x000001c7950b4970 JavaThread "AsyncHttpClient-1-1" daemon [_thread_blocked, id=27336, stack(0x00000044c2f00000,0x00000044c3000000)]
  0x000001c7950b4e80 JavaThread "Exec Default Executor" daemon [_thread_in_native, id=24836, stack(0x00000044c3500000,0x00000044c3600000)]
  0x000001c7950b3530 JavaThread "Exec Stream Pumper" daemon [_thread_in_native, id=27812, stack(0x00000044c3400000,0x00000044c3500000)]
  0x000001c7950b5390 JavaThread "Exec Stream Pumper" daemon [_thread_in_native, id=10632, stack(0x00000044c3600000,0x00000044c3700000)]
  0x000001c7950b58a0 JavaThread "Driver Service Executor" daemon [_thread_blocked, id=18656, stack(0x00000044c3700000,0x00000044c3800000)]
  0x000001c7950b20f0 JavaThread "Driver Service Executor" daemon [_thread_blocked, id=5732, stack(0x00000044c3800000,0x00000044c3900000)]
  0x000001c7950b2b10 JavaThread "UrlChecker-2" daemon [_thread_blocked, id=14128, stack(0x00000044c3900000,0x00000044c3a00000)]
  0x000001c7950b3020 JavaThread "Keep-Alive-Timer" daemon [_thread_blocked, id=13308, stack(0x00000044c3b00000,0x00000044c3c00000)]
  0x000001c79622a740 JavaThread "AsyncHttpClient-1-2" daemon [_thread_in_native, id=31796, stack(0x00000044c3c00000,0x00000044c3d00000)]

Other Threads:
  0x000001c74fdc8db0 VMThread "VM Thread" [stack: 0x00000044c2200000,0x00000044c2300000] [id=22416]
  0x000001c74fdb61f0 WatcherThread [stack: 0x00000044c2d00000,0x00000044c2e00000] [id=28188]
  0x000001c7326a4850 GCTaskThread "GC Thread#0" [stack: 0x00000044c1d00000,0x00000044c1e00000] [id=26528]
  0x000001c795f40430 GCTaskThread "GC Thread#1" [stack: 0x00000044c3100000,0x00000044c3200000] [id=32752]
  0x000001c795f406f0 GCTaskThread "GC Thread#2" [stack: 0x00000044c3200000,0x00000044c3300000] [id=2932]
  0x000001c795ace360 GCTaskThread "GC Thread#3" [stack: 0x00000044c3300000,0x00000044c3400000] [id=17452]
  0x000001c7326b5810 ConcurrentGCThread "G1 Main Marker" [stack: 0x00000044c1e00000,0x00000044c1f00000] [id=28764]
  0x000001c7326b7140 ConcurrentGCThread "G1 Conc#0" [stack: 0x00000044c1f00000,0x00000044c2000000] [id=19960]
  0x000001c73271d7a0 ConcurrentGCThread "G1 Refine#0" [stack: 0x00000044c2000000,0x00000044c2100000] [id=26852]
  0x000001c73271e0e0 ConcurrentGCThread "G1 Service" [stack: 0x00000044c2100000,0x00000044c2200000] [id=7072]

Threads with active compile tasks:
C2 CompilerThread0     2454 1497       4       java.net.URLStreamHandler::parseURL (1201 bytes)
C1 CompilerThread0     2454 1519       3       java.lang.invoke.MethodHandles$Lookup::resolveOrFail (44 bytes)

VM state: not at safepoint (normal execution)

VM Mutex/Monitor currently owned by a thread:  ([mutex/lock_event])
[0x000001c732645bf0] MethodData_lock - owner thread: 0x0000000000000000

Heap address: 0x0000000083200000, size: 1998 MB, Compressed Oops mode: 32-bit

CDS archive(s) mapped at: [0x000001c750000000-0x000001c750bd0000-0x000001c750bd0000), size 12386304, SharedBaseAddress: 0x000001c750000000, ArchiveRelocationMode: 1.
Compressed class space mapped at: 0x000001c751000000-0x000001c791000000, reserved size: 1073741824
Narrow klass base: 0x000001c750000000, Narrow klass shift: 0, Narrow klass range: 0x100000000

GC Precious Log:
 CPUs: 4 total, 4 available
 Memory: 7991M
 Large Page Support: Disabled
 NUMA Support: Disabled
 Compressed Oops: Enabled (32-bit)
 Heap Region Size: 1M
 Heap Min Capacity: 8M
 Heap Initial Capacity: 126M
 Heap Max Capacity: 1998M
 Pre-touch: Disabled
 Parallel Workers: 4
 Concurrent Workers: 1
 Concurrent Refinement Workers: 4
 Periodic GC: Disabled

Heap:
 garbage-first heap   total 129024K, used 33914K [0x0000000083200000, 0x0000000100000000)
  region size 1024K, 25 young (25600K), 2 survivors (2048K)
 Metaspace       used 15998K, committed 16256K, reserved 1114112K
  class space    used 1981K, committed 2112K, reserved 1048576K

Heap Regions: E=young(eden), S=young(survivor), O=old, HS=humongous(starts), HC=humongous(continues), CS=collection set, F=free, OA=open archive, CA=closed archive, TAMS=top-at-mark-start (previous, next)
|   0|0x0000000083200000, 0x0000000083300000, 0x0000000083300000|100%| O|  |TAMS 0x0000000083200000, 0x0000000083200000| Untracked 
|   1|0x0000000083300000, 0x0000000083400000, 0x0000000083400000|100%| O|  |TAMS 0x0000000083300000, 0x0000000083300000| Untracked 
|   2|0x0000000083400000, 0x0000000083500000, 0x0000000083500000|100%| O|  |TAMS 0x0000000083400000, 0x0000000083400000| Untracked 
|   3|0x0000000083500000, 0x0000000083600000, 0x0000000083600000|100%| O|  |TAMS 0x0000000083500000, 0x0000000083500000| Untracked 
|   4|0x0000000083600000, 0x000000008361e800, 0x0000000083700000| 11%| O|  |TAMS 0x0000000083600000, 0x0000000083600000| Untracked 
|   5|0x0000000083700000, 0x0000000083800000, 0x0000000083800000|100%|HS|  |TAMS 0x0000000083700000, 0x0000000083700000| Complete 
|   6|0x0000000083800000, 0x0000000083900000, 0x0000000083900000|100%|HC|  |TAMS 0x0000000083800000, 0x0000000083800000| Complete 
|   7|0x0000000083900000, 0x0000000083a00000, 0x0000000083a00000|100%|HC|  |TAMS 0x0000000083900000, 0x0000000083900000| Complete 
|   8|0x0000000083a00000, 0x0000000083b00000, 0x0000000083b00000|100%|HC|  |TAMS 0x0000000083a00000, 0x0000000083a00000| Complete 
|   9|0x0000000083b00000, 0x0000000083c00000, 0x0000000083c00000|100%|HC|  |TAMS 0x0000000083b00000, 0x0000000083b00000| Complete 
|  10|0x0000000083c00000, 0x0000000083c00000, 0x0000000083d00000|  0%| F|  |TAMS 0x0000000083c00000, 0x0000000083c00000| Untracked 
|  11|0x0000000083d00000, 0x0000000083d00000, 0x0000000083e00000|  0%| F|  |TAMS 0x0000000083d00000, 0x0000000083d00000| Untracked 
|  12|0x0000000083e00000, 0x0000000083e00000, 0x0000000083f00000|  0%| F|  |TAMS 0x0000000083e00000, 0x0000000083e00000| Untracked 
|  13|0x0000000083f00000, 0x0000000083f00000, 0x0000000084000000|  0%| F|  |TAMS 0x0000000083f00000, 0x0000000083f00000| Untracked 
|  14|0x0000000084000000, 0x0000000084000000, 0x0000000084100000|  0%| F|  |TAMS 0x0000000084000000, 0x0000000084000000| Untracked 
|  15|0x0000000084100000, 0x0000000084100000, 0x0000000084200000|  0%| F|  |TAMS 0x0000000084100000, 0x0000000084100000| Untracked 
|  16|0x0000000084200000, 0x0000000084200000, 0x0000000084300000|  0%| F|  |TAMS 0x0000000084200000, 0x0000000084200000| Untracked 
|  17|0x0000000084300000, 0x0000000084300000, 0x0000000084400000|  0%| F|  |TAMS 0x0000000084300000, 0x0000000084300000| Untracked 
|  18|0x0000000084400000, 0x0000000084400000, 0x0000000084500000|  0%| F|  |TAMS 0x0000000084400000, 0x0000000084400000| Untracked 
|  19|0x0000000084500000, 0x0000000084500000, 0x0000000084600000|  0%| F|  |TAMS 0x0000000084500000, 0x0000000084500000| Untracked 
|  20|0x0000000084600000, 0x0000000084600000, 0x0000000084700000|  0%| F|  |TAMS 0x0000000084600000, 0x0000000084600000| Untracked 
|  21|0x0000000084700000, 0x0000000084700000, 0x0000000084800000|  0%| F|  |TAMS 0x0000000084700000, 0x0000000084700000| Untracked 
|  22|0x0000000084800000, 0x0000000084800000, 0x0000000084900000|  0%| F|  |TAMS 0x0000000084800000, 0x0000000084800000| Untracked 
|  23|0x0000000084900000, 0x0000000084900000, 0x0000000084a00000|  0%| F|  |TAMS 0x0000000084900000, 0x0000000084900000| Untracked 
|  24|0x0000000084a00000, 0x0000000084a00000, 0x0000000084b00000|  0%| F|  |TAMS 0x0000000084a00000, 0x0000000084a00000| Untracked 
|  25|0x0000000084b00000, 0x0000000084b00000, 0x0000000084c00000|  0%| F|  |TAMS 0x0000000084b00000, 0x0000000084b00000| Untracked 
|  26|0x0000000084c00000, 0x0000000084c00000, 0x0000000084d00000|  0%| F|  |TAMS 0x0000000084c00000, 0x0000000084c00000| Untracked 
|  27|0x0000000084d00000, 0x0000000084d00000, 0x0000000084e00000|  0%| F|  |TAMS 0x0000000084d00000, 0x0000000084d00000| Untracked 
|  28|0x0000000084e00000, 0x0000000084e00000, 0x0000000084f00000|  0%| F|  |TAMS 0x0000000084e00000, 0x0000000084e00000| Untracked 
|  29|0x0000000084f00000, 0x0000000084f00000, 0x0000000085000000|  0%| F|  |TAMS 0x0000000084f00000, 0x0000000084f00000| Untracked 
|  30|0x0000000085000000, 0x0000000085000000, 0x0000000085100000|  0%| F|  |TAMS 0x0000000085000000, 0x0000000085000000| Untracked 
|  31|0x0000000085100000, 0x0000000085100000, 0x0000000085200000|  0%| F|  |TAMS 0x0000000085100000, 0x0000000085100000| Untracked 
|  32|0x0000000085200000, 0x0000000085200000, 0x0000000085300000|  0%| F|  |TAMS 0x0000000085200000, 0x0000000085200000| Untracked 
|  33|0x0000000085300000, 0x0000000085300000, 0x0000000085400000|  0%| F|  |TAMS 0x0000000085300000, 0x0000000085300000| Untracked 
|  34|0x0000000085400000, 0x0000000085400000, 0x0000000085500000|  0%| F|  |TAMS 0x0000000085400000, 0x0000000085400000| Untracked 
|  35|0x0000000085500000, 0x0000000085500000, 0x0000000085600000|  0%| F|  |TAMS 0x0000000085500000, 0x0000000085500000| Untracked 
|  36|0x0000000085600000, 0x0000000085600000, 0x0000000085700000|  0%| F|  |TAMS 0x0000000085600000, 0x0000000085600000| Untracked 
|  37|0x0000000085700000, 0x0000000085700000, 0x0000000085800000|  0%| F|  |TAMS 0x0000000085700000, 0x0000000085700000| Untracked 
|  38|0x0000000085800000, 0x0000000085800000, 0x0000000085900000|  0%| F|  |TAMS 0x0000000085800000, 0x0000000085800000| Untracked 
|  39|0x0000000085900000, 0x0000000085900000, 0x0000000085a00000|  0%| F|  |TAMS 0x0000000085900000, 0x0000000085900000| Untracked 
|  40|0x0000000085a00000, 0x0000000085a00000, 0x0000000085b00000|  0%| F|  |TAMS 0x0000000085a00000, 0x0000000085a00000| Untracked 
|  41|0x0000000085b00000, 0x0000000085b00000, 0x0000000085c00000|  0%| F|  |TAMS 0x0000000085b00000, 0x0000000085b00000| Untracked 
|  42|0x0000000085c00000, 0x0000000085c00000, 0x0000000085d00000|  0%| F|  |TAMS 0x0000000085c00000, 0x0000000085c00000| Untracked 
|  43|0x0000000085d00000, 0x0000000085d00000, 0x0000000085e00000|  0%| F|  |TAMS 0x0000000085d00000, 0x0000000085d00000| Untracked 
|  44|0x0000000085e00000, 0x0000000085e00000, 0x0000000085f00000|  0%| F|  |TAMS 0x0000000085e00000, 0x0000000085e00000| Untracked 
|  45|0x0000000085f00000, 0x0000000085f00000, 0x0000000086000000|  0%| F|  |TAMS 0x0000000085f00000, 0x0000000085f00000| Untracked 
|  46|0x0000000086000000, 0x0000000086000000, 0x0000000086100000|  0%| F|  |TAMS 0x0000000086000000, 0x0000000086000000| Untracked 
|  47|0x0000000086100000, 0x0000000086100000, 0x0000000086200000|  0%| F|  |TAMS 0x0000000086100000, 0x0000000086100000| Untracked 
|  48|0x0000000086200000, 0x0000000086200000, 0x0000000086300000|  0%| F|  |TAMS 0x0000000086200000, 0x0000000086200000| Untracked 
|  49|0x0000000086300000, 0x0000000086300000, 0x0000000086400000|  0%| F|  |TAMS 0x0000000086300000, 0x0000000086300000| Untracked 
|  50|0x0000000086400000, 0x0000000086400000, 0x0000000086500000|  0%| F|  |TAMS 0x0000000086400000, 0x0000000086400000| Untracked 
|  51|0x0000000086500000, 0x0000000086500000, 0x0000000086600000|  0%| F|  |TAMS 0x0000000086500000, 0x0000000086500000| Untracked 
|  52|0x0000000086600000, 0x0000000086600000, 0x0000000086700000|  0%| F|  |TAMS 0x0000000086600000, 0x0000000086600000| Untracked 
|  53|0x0000000086700000, 0x0000000086700000, 0x0000000086800000|  0%| F|  |TAMS 0x0000000086700000, 0x0000000086700000| Untracked 
|  54|0x0000000086800000, 0x0000000086800000, 0x0000000086900000|  0%| F|  |TAMS 0x0000000086800000, 0x0000000086800000| Untracked 
|  55|0x0000000086900000, 0x0000000086900000, 0x0000000086a00000|  0%| F|  |TAMS 0x0000000086900000, 0x0000000086900000| Untracked 
|  56|0x0000000086a00000, 0x0000000086a00000, 0x0000000086b00000|  0%| F|  |TAMS 0x0000000086a00000, 0x0000000086a00000| Untracked 
|  57|0x0000000086b00000, 0x0000000086b00000, 0x0000000086c00000|  0%| F|  |TAMS 0x0000000086b00000, 0x0000000086b00000| Untracked 
|  58|0x0000000086c00000, 0x0000000086c00000, 0x0000000086d00000|  0%| F|  |TAMS 0x0000000086c00000, 0x0000000086c00000| Untracked 
|  59|0x0000000086d00000, 0x0000000086d00000, 0x0000000086e00000|  0%| F|  |TAMS 0x0000000086d00000, 0x0000000086d00000| Untracked 
|  60|0x0000000086e00000, 0x0000000086e00000, 0x0000000086f00000|  0%| F|  |TAMS 0x0000000086e00000, 0x0000000086e00000| Untracked 
|  61|0x0000000086f00000, 0x0000000086f00000, 0x0000000087000000|  0%| F|  |TAMS 0x0000000086f00000, 0x0000000086f00000| Untracked 
|  62|0x0000000087000000, 0x0000000087000000, 0x0000000087100000|  0%| F|  |TAMS 0x0000000087000000, 0x0000000087000000| Untracked 
|  63|0x0000000087100000, 0x0000000087100000, 0x0000000087200000|  0%| F|  |TAMS 0x0000000087100000, 0x0000000087100000| Untracked 
|  64|0x0000000087200000, 0x0000000087200000, 0x0000000087300000|  0%| F|  |TAMS 0x0000000087200000, 0x0000000087200000| Untracked 
|  65|0x0000000087300000, 0x0000000087300000, 0x0000000087400000|  0%| F|  |TAMS 0x0000000087300000, 0x0000000087300000| Untracked 
|  66|0x0000000087400000, 0x0000000087400000, 0x0000000087500000|  0%| F|  |TAMS 0x0000000087400000, 0x0000000087400000| Untracked 
|  67|0x0000000087500000, 0x0000000087500000, 0x0000000087600000|  0%| F|  |TAMS 0x0000000087500000, 0x0000000087500000| Untracked 
|  68|0x0000000087600000, 0x0000000087600000, 0x0000000087700000|  0%| F|  |TAMS 0x0000000087600000, 0x0000000087600000| Untracked 
|  69|0x0000000087700000, 0x0000000087700000, 0x0000000087800000|  0%| F|  |TAMS 0x0000000087700000, 0x0000000087700000| Untracked 
|  70|0x0000000087800000, 0x0000000087800000, 0x0000000087900000|  0%| F|  |TAMS 0x0000000087800000, 0x0000000087800000| Untracked 
|  71|0x0000000087900000, 0x0000000087900000, 0x0000000087a00000|  0%| F|  |TAMS 0x0000000087900000, 0x0000000087900000| Untracked 
|  72|0x0000000087a00000, 0x0000000087a00000, 0x0000000087b00000|  0%| F|  |TAMS 0x0000000087a00000, 0x0000000087a00000| Untracked 
|  73|0x0000000087b00000, 0x0000000087b00000, 0x0000000087c00000|  0%| F|  |TAMS 0x0000000087b00000, 0x0000000087b00000| Untracked 
|  74|0x0000000087c00000, 0x0000000087c00000, 0x0000000087d00000|  0%| F|  |TAMS 0x0000000087c00000, 0x0000000087c00000| Untracked 
|  75|0x0000000087d00000, 0x0000000087d00000, 0x0000000087e00000|  0%| F|  |TAMS 0x0000000087d00000, 0x0000000087d00000| Untracked 
|  76|0x0000000087e00000, 0x0000000087e00000, 0x0000000087f00000|  0%| F|  |TAMS 0x0000000087e00000, 0x0000000087e00000| Untracked 
|  77|0x0000000087f00000, 0x0000000087f00000, 0x0000000088000000|  0%| F|  |TAMS 0x0000000087f00000, 0x0000000087f00000| Untracked 
|  78|0x0000000088000000, 0x0000000088000000, 0x0000000088100000|  0%| F|  |TAMS 0x0000000088000000, 0x0000000088000000| Untracked 
|  79|0x0000000088100000, 0x0000000088100000, 0x0000000088200000|  0%| F|  |TAMS 0x0000000088100000, 0x0000000088100000| Untracked 
|  80|0x0000000088200000, 0x0000000088200000, 0x0000000088300000|  0%| F|  |TAMS 0x0000000088200000, 0x0000000088200000| Untracked 
|  81|0x0000000088300000, 0x0000000088300000, 0x0000000088400000|  0%| F|  |TAMS 0x0000000088300000, 0x0000000088300000| Untracked 
|  82|0x0000000088400000, 0x0000000088400000, 0x0000000088500000|  0%| F|  |TAMS 0x0000000088400000, 0x0000000088400000| Untracked 
|  83|0x0000000088500000, 0x0000000088500000, 0x0000000088600000|  0%| F|  |TAMS 0x0000000088500000, 0x0000000088500000| Untracked 
|  84|0x0000000088600000, 0x0000000088600000, 0x0000000088700000|  0%| F|  |TAMS 0x0000000088600000, 0x0000000088600000| Untracked 
|  85|0x0000000088700000, 0x0000000088700000, 0x0000000088800000|  0%| F|  |TAMS 0x0000000088700000, 0x0000000088700000| Untracked 
|  86|0x0000000088800000, 0x0000000088800000, 0x0000000088900000|  0%| F|  |TAMS 0x0000000088800000, 0x0000000088800000| Untracked 
|  87|0x0000000088900000, 0x0000000088900000, 0x0000000088a00000|  0%| F|  |TAMS 0x0000000088900000, 0x0000000088900000| Untracked 
|  88|0x0000000088a00000, 0x0000000088a00000, 0x0000000088b00000|  0%| F|  |TAMS 0x0000000088a00000, 0x0000000088a00000| Untracked 
|  89|0x0000000088b00000, 0x0000000088b00000, 0x0000000088c00000|  0%| F|  |TAMS 0x0000000088b00000, 0x0000000088b00000| Untracked 
|  90|0x0000000088c00000, 0x0000000088c00000, 0x0000000088d00000|  0%| F|  |TAMS 0x0000000088c00000, 0x0000000088c00000| Untracked 
|  91|0x0000000088d00000, 0x0000000088d00000, 0x0000000088e00000|  0%| F|  |TAMS 0x0000000088d00000, 0x0000000088d00000| Untracked 
|  92|0x0000000088e00000, 0x0000000088e00000, 0x0000000088f00000|  0%| F|  |TAMS 0x0000000088e00000, 0x0000000088e00000| Untracked 
|  93|0x0000000088f00000, 0x0000000088f00000, 0x0000000089000000|  0%| F|  |TAMS 0x0000000088f00000, 0x0000000088f00000| Untracked 
|  94|0x0000000089000000, 0x0000000089000000, 0x0000000089100000|  0%| F|  |TAMS 0x0000000089000000, 0x0000000089000000| Untracked 
|  95|0x0000000089100000, 0x0000000089100000, 0x0000000089200000|  0%| F|  |TAMS 0x0000000089100000, 0x0000000089100000| Untracked 
|  96|0x0000000089200000, 0x0000000089200000, 0x0000000089300000|  0%| F|  |TAMS 0x0000000089200000, 0x0000000089200000| Untracked 
|  97|0x0000000089300000, 0x0000000089300000, 0x0000000089400000|  0%| F|  |TAMS 0x0000000089300000, 0x0000000089300000| Untracked 
|  98|0x0000000089400000, 0x0000000089400000, 0x0000000089500000|  0%| F|  |TAMS 0x0000000089400000, 0x0000000089400000| Untracked 
|  99|0x0000000089500000, 0x0000000089500000, 0x0000000089600000|  0%| F|  |TAMS 0x0000000089500000, 0x0000000089500000| Untracked 
| 100|0x0000000089600000, 0x0000000089600000, 0x0000000089700000|  0%| F|  |TAMS 0x0000000089600000, 0x0000000089600000| Untracked 
| 101|0x0000000089700000, 0x0000000089776480, 0x0000000089800000| 46%| E|  |TAMS 0x0000000089700000, 0x0000000089700000| Complete 
| 102|0x0000000089800000, 0x0000000089900000, 0x0000000089900000|100%| E|CS|TAMS 0x0000000089800000, 0x0000000089800000| Complete 
| 103|0x0000000089900000, 0x0000000089a00000, 0x0000000089a00000|100%| E|CS|TAMS 0x0000000089900000, 0x0000000089900000| Complete 
| 104|0x0000000089a00000, 0x0000000089b00000, 0x0000000089b00000|100%| E|CS|TAMS 0x0000000089a00000, 0x0000000089a00000| Complete 
| 105|0x0000000089b00000, 0x0000000089c00000, 0x0000000089c00000|100%| E|CS|TAMS 0x0000000089b00000, 0x0000000089b00000| Complete 
| 106|0x0000000089c00000, 0x0000000089d00000, 0x0000000089d00000|100%| E|CS|TAMS 0x0000000089c00000, 0x0000000089c00000| Complete 
| 107|0x0000000089d00000, 0x0000000089e00000, 0x0000000089e00000|100%| E|CS|TAMS 0x0000000089d00000, 0x0000000089d00000| Complete 
| 108|0x0000000089e00000, 0x0000000089f00000, 0x0000000089f00000|100%| E|CS|TAMS 0x0000000089e00000, 0x0000000089e00000| Complete 
| 109|0x0000000089f00000, 0x000000008a000000, 0x000000008a000000|100%| E|CS|TAMS 0x0000000089f00000, 0x0000000089f00000| Complete 
| 110|0x000000008a000000, 0x000000008a100000, 0x000000008a100000|100%| S|CS|TAMS 0x000000008a000000, 0x000000008a000000| Complete 
| 111|0x000000008a100000, 0x000000008a200000, 0x000000008a200000|100%| E|CS|TAMS 0x000000008a100000, 0x000000008a100000| Complete 
| 112|0x000000008a200000, 0x000000008a300000, 0x000000008a300000|100%| E|CS|TAMS 0x000000008a200000, 0x000000008a200000| Complete 
| 113|0x000000008a300000, 0x000000008a400000, 0x000000008a400000|100%| S|CS|TAMS 0x000000008a300000, 0x000000008a300000| Complete 
| 114|0x000000008a400000, 0x000000008a500000, 0x000000008a500000|100%| E|CS|TAMS 0x000000008a400000, 0x000000008a400000| Complete 
| 115|0x000000008a500000, 0x000000008a600000, 0x000000008a600000|100%| E|CS|TAMS 0x000000008a500000, 0x000000008a500000| Complete 
| 116|0x000000008a600000, 0x000000008a700000, 0x000000008a700000|100%| E|CS|TAMS 0x000000008a600000, 0x000000008a600000| Complete 
| 117|0x000000008a700000, 0x000000008a800000, 0x000000008a800000|100%| E|CS|TAMS 0x000000008a700000, 0x000000008a700000| Complete 
| 118|0x000000008a800000, 0x000000008a900000, 0x000000008a900000|100%| E|CS|TAMS 0x000000008a800000, 0x000000008a800000| Complete 
| 119|0x000000008a900000, 0x000000008aa00000, 0x000000008aa00000|100%| E|CS|TAMS 0x000000008a900000, 0x000000008a900000| Complete 
| 120|0x000000008aa00000, 0x000000008ab00000, 0x000000008ab00000|100%| E|CS|TAMS 0x000000008aa00000, 0x000000008aa00000| Complete 
| 121|0x000000008ab00000, 0x000000008ac00000, 0x000000008ac00000|100%| E|CS|TAMS 0x000000008ab00000, 0x000000008ab00000| Complete 
| 122|0x000000008ac00000, 0x000000008ad00000, 0x000000008ad00000|100%| E|CS|TAMS 0x000000008ac00000, 0x000000008ac00000| Complete 
| 123|0x000000008ad00000, 0x000000008ae00000, 0x000000008ae00000|100%| E|CS|TAMS 0x000000008ad00000, 0x000000008ad00000| Complete 
| 124|0x000000008ae00000, 0x000000008af00000, 0x000000008af00000|100%| E|CS|TAMS 0x000000008ae00000, 0x000000008ae00000| Complete 
| 125|0x000000008af00000, 0x000000008b000000, 0x000000008b000000|100%| E|CS|TAMS 0x000000008af00000, 0x000000008af00000| Complete 

Card table byte_map: [0x000001c7492e0000,0x000001c7496d0000] _byte_map_base: 0x000001c748ec7000

Marking Bits (Prev, Next): (CMBitMap*) 0x000001c7326a4d80, (CMBitMap*) 0x000001c7326a4dc0
 Prev Bits: [0x000001c749ac0000, 0x000001c74b9f8000)
 Next Bits: [0x000001c74ba00000, 0x000001c74d938000)

Polling page: 0x000001c730620000

Metaspace:

Usage:
  Non-class:     13.73 MB used.
      Class:      1.94 MB used.
       Both:     15.67 MB used.

Virtual space:
  Non-class space:       64.00 MB reserved,      13.81 MB ( 22%) committed,  1 nodes.
      Class space:        1.00 GB reserved,       2.06 MB ( <1%) committed,  1 nodes.
             Both:        1.06 GB reserved,      15.88 MB (  1%) committed. 

Chunk freelists:
   Non-Class:  1.44 MB
       Class:  13.92 MB
        Both:  15.36 MB

MaxMetaspaceSize: unlimited
CompressedClassSpaceSize: 1.00 GB
Initial GC threshold: 21.00 MB
Current GC threshold: 21.00 MB
CDS: on
MetaspaceReclaimPolicy: balanced
 - commit_granule_bytes: 65536.
 - commit_granule_words: 8192.
 - virtual_space_node_default_size: 8388608.
 - enlarge_chunks_in_place: 1.
 - new_chunks_are_fully_committed: 0.
 - uncommit_free_chunks: 1.
 - use_allocation_guard: 0.
 - handle_deallocations: 1.


Internal statistics:

num_allocs_failed_limit: 0.
num_arena_births: 110.
num_arena_deaths: 0.
num_vsnodes_births: 2.
num_vsnodes_deaths: 0.
num_space_committed: 254.
num_space_uncommitted: 0.
num_chunks_returned_to_freelist: 0.
num_chunks_taken_from_freelist: 474.
num_chunk_merges: 0.
num_chunk_splits: 335.
num_chunks_enlarged: 282.
num_inconsistent_stats: 0.

CodeHeap 'non-profiled nmethods': size=120000Kb used=597Kb max_used=597Kb free=119402Kb
 bounds [0x000001c7419c0000, 0x000001c741c30000, 0x000001c748ef0000]
CodeHeap 'profiled nmethods': size=120000Kb used=2847Kb max_used=2847Kb free=117152Kb
 bounds [0x000001c739ef0000, 0x000001c73a1c0000, 0x000001c741420000]
CodeHeap 'non-nmethods': size=5760Kb used=1257Kb max_used=1266Kb free=4503Kb
 bounds [0x000001c741420000, 0x000001c741690000, 0x000001c7419c0000]
 total_blobs=2070 nmethods=1519 adapters=463
 compilation: enabled
              stopped_count=0, restarted_count=0
 full_count=0

Compilation events (20 events):
Event: 2.358 Thread 0x000001c74fdf23e0 1489       3       io.netty.util.AsciiString::<init> (131 bytes)
Event: 2.358 Thread 0x000001c74fdf1a20 nmethod 1487 0x000001c741a54990 code [0x000001c741a54b20, 0x000001c741a54e78]
Event: 2.359 Thread 0x000001c74fdf23e0 nmethod 1489 0x000001c73a1a0410 code [0x000001c73a1a0720, 0x000001c73a1a17b8]
Event: 2.365 Thread 0x000001c74fdf23e0 1490       3       java.lang.invoke.MemberName::hashCode (43 bytes)
Event: 2.366 Thread 0x000001c74fdf23e0 nmethod 1490 0x000001c73a1a1d90 code [0x000001c73a1a1fe0, 0x000001c73a1a2d28]
Event: 2.366 Thread 0x000001c74fdf23e0 1491       3       java.lang.Byte::<init> (10 bytes)
Event: 2.366 Thread 0x000001c74fdf23e0 nmethod 1491 0x000001c73a1a3090 code [0x000001c73a1a3240, 0x000001c73a1a3418]
Event: 2.366 Thread 0x000001c74fdf23e0 1492       3       java.util.Objects::hash (5 bytes)
Event: 2.366 Thread 0x000001c74fdf23e0 nmethod 1492 0x000001c73a1a3510 code [0x000001c73a1a36a0, 0x000001c73a1a37a8]
Event: 2.366 Thread 0x000001c74fdf23e0 1493       3       java.lang.Byte::hashCode (8 bytes)
Event: 2.366 Thread 0x000001c74fdf23e0 nmethod 1493 0x000001c73a1a3890 code [0x000001c73a1a3a20, 0x000001c73a1a3b78]
Event: 2.366 Thread 0x000001c74fdf23e0 1494       3       java.lang.Byte::hashCode (2 bytes)
Event: 2.367 Thread 0x000001c74fdf23e0 nmethod 1494 0x000001c73a1a3c10 code [0x000001c73a1a3da0, 0x000001c73a1a3e98]
Event: 2.373 Thread 0x000001c74fdf23e0 1495       1       io.netty.channel.DefaultChannelPipeline::channel (5 bytes)
Event: 2.373 Thread 0x000001c74fdf23e0 nmethod 1495 0x000001c741a55090 code [0x000001c741a55220, 0x000001c741a552f8]
Event: 2.380 Thread 0x000001c74fdf23e0 1496       3       sun.invoke.util.VerifyAccess::isTypeVisible (47 bytes)
Event: 2.381 Thread 0x000001c74fdf23e0 nmethod 1496 0x000001c73a1a3f10 code [0x000001c73a1a4100, 0x000001c73a1a4518]
Event: 2.389 Thread 0x000001c74fdf1a20 1497       4       java.net.URLStreamHandler::parseURL (1201 bytes)
Event: 2.411 Thread 0x000001c74fdf23e0 1499       3       java.lang.invoke.DirectMethodHandle::maybeCompile (24 bytes)
Event: 2.412 Thread 0x000001c74fdf23e0 nmethod 1499 0x000001c73a1a4710 code [0x000001c73a1a48c0, 0x000001c73a1a4ad8]

GC Heap History (4 events):
Event: 0.376 GC heap before
{Heap before GC invocations=0 (full 0):
 garbage-first heap   total 129024K, used 12288K [0x0000000083200000, 0x0000000100000000)
  region size 1024K, 13 young (13312K), 0 survivors (0K)
 Metaspace       used 3215K, committed 3328K, reserved 1114112K
  class space    used 370K, committed 448K, reserved 1048576K
}
Event: 0.379 GC heap after
{Heap after GC invocations=1 (full 0):
 garbage-first heap   total 129024K, used 4025K [0x0000000083200000, 0x0000000100000000)
  region size 1024K, 2 young (2048K), 2 survivors (2048K)
 Metaspace       used 3215K, committed 3328K, reserved 1114112K
  class space    used 370K, committed 448K, reserved 1048576K
}
Event: 0.808 GC heap before
{Heap before GC invocations=1 (full 0):
 garbage-first heap   total 129024K, used 16313K [0x0000000083200000, 0x0000000100000000)
  region size 1024K, 14 young (14336K), 2 survivors (2048K)
 Metaspace       used 9312K, committed 9472K, reserved 1114112K
  class space    used 1073K, committed 1152K, reserved 1048576K
}
Event: 0.812 GC heap after
{Heap after GC invocations=2 (full 0):
 garbage-first heap   total 129024K, used 6266K [0x0000000083200000, 0x0000000100000000)
  region size 1024K, 2 young (2048K), 2 survivors (2048K)
 Metaspace       used 9312K, committed 9472K, reserved 1114112K
  class space    used 1073K, committed 1152K, reserved 1048576K
}

Deoptimization events (20 events):
Event: 1.196 Thread 0x000001c7950b4e80 DEOPT PACKING pc=0x000001c741a39034 sp=0x00000044c35fe190
Event: 1.196 Thread 0x000001c7950b4e80 DEOPT UNPACKING pc=0x000001c741475ba3 sp=0x00000044c35fe118 mode 2
Event: 1.336 Thread 0x000001c73264b2c0 DEOPT PACKING pc=0x000001c73a0eb7c9 sp=0x00000044c1cfcd70
Event: 1.336 Thread 0x000001c73264b2c0 DEOPT UNPACKING pc=0x000001c7414766e3 sp=0x00000044c1cfc280 mode 0
Event: 1.439 Thread 0x000001c79622a740 Uncommon trap: trap_request=0xffffff45 fr.pc=0x000001c741a25a1c relative=0x000000000000025c
Event: 1.439 Thread 0x000001c79622a740 Uncommon trap: reason=unstable_if action=reinterpret pc=0x000001c741a25a1c method=java.lang.invoke.VarHandle.checkExactAccessMode(Ljava/lang/invoke/VarHandle$AccessDescriptor;)V @ 4 c2
Event: 1.439 Thread 0x000001c79622a740 DEOPT PACKING pc=0x000001c741a25a1c sp=0x00000044c3cfe8d0
Event: 1.439 Thread 0x000001c79622a740 DEOPT UNPACKING pc=0x000001c741475ba3 sp=0x00000044c3cfe840 mode 2
Event: 1.449 Thread 0x000001c79622a740 Uncommon trap: trap_request=0xffffff45 fr.pc=0x000001c741a0d6d4 relative=0x0000000000000054
Event: 1.449 Thread 0x000001c79622a740 Uncommon trap: reason=unstable_if action=reinterpret pc=0x000001c741a0d6d4 method=java.lang.CharacterData.of(I)Ljava/lang/CharacterData; @ 15 c2
Event: 1.449 Thread 0x000001c79622a740 DEOPT PACKING pc=0x000001c741a0d6d4 sp=0x00000044c3cfd970
Event: 1.449 Thread 0x000001c79622a740 DEOPT UNPACKING pc=0x000001c741475ba3 sp=0x00000044c3cfd900 mode 2
Event: 1.505 Thread 0x000001c79622a740 Uncommon trap: trap_request=0xffffffde fr.pc=0x000001c741a2a244 relative=0x00000000000008a4
Event: 1.505 Thread 0x000001c79622a740 Uncommon trap: reason=class_check action=maybe_recompile pc=0x000001c741a2a244 method=java.util.HashMap.putVal(ILjava/lang/Object;Ljava/lang/Object;ZZ)Ljava/lang/Object; @ 91 c2
Event: 1.505 Thread 0x000001c79622a740 DEOPT PACKING pc=0x000001c741a2a244 sp=0x00000044c3cfe9d0
Event: 1.505 Thread 0x000001c79622a740 DEOPT UNPACKING pc=0x000001c741475ba3 sp=0x00000044c3cfe990 mode 2
Event: 1.505 Thread 0x000001c79622a740 Uncommon trap: trap_request=0xffffffde fr.pc=0x000001c741a2a244 relative=0x00000000000008a4
Event: 1.505 Thread 0x000001c79622a740 Uncommon trap: reason=class_check action=maybe_recompile pc=0x000001c741a2a244 method=java.util.HashMap.putVal(ILjava/lang/Object;Ljava/lang/Object;ZZ)Ljava/lang/Object; @ 91 c2
Event: 1.505 Thread 0x000001c79622a740 DEOPT PACKING pc=0x000001c741a2a244 sp=0x00000044c3cfe9d0
Event: 1.505 Thread 0x000001c79622a740 DEOPT UNPACKING pc=0x000001c741475ba3 sp=0x00000044c3cfe990 mode 2

Classes unloaded (0 events):
No events

Classes redefined (0 events):
No events

Internal exceptions (20 events):
Event: 0.968 Thread 0x000001c73264b2c0 Exception <a 'java/lang/NoSuchMethodError'{0x000000008aa32338}: 'void java.lang.invoke.DirectMethodHandle$Holder.invokeInterface(java.lang.Object, java.lang.Object, java.lang.Object)'> (0x000000008aa32338) 
thrown [s\open\src\hotspot\share\interpreter\linkResolver.cpp, line 759]
Event: 0.971 Thread 0x000001c73264b2c0 Exception <a 'java/lang/NoSuchMethodError'{0x000000008aa46920}: 'java.lang.Object java.lang.invoke.DirectMethodHandle$Holder.invokeInterface(java.lang.Object, java.lang.Object, java.lang.Object)'> (0x000000008aa46920) 
thrown [s\open\src\hotspot\share\interpreter\linkResolver.cpp, line 759]
Event: 0.971 Thread 0x000001c73264b2c0 Exception <a 'java/lang/IncompatibleClassChangeError'{0x000000008aa4a488}: Found class java.lang.Object, but interface was expected> (0x000000008aa4a488) 
thrown [s\open\src\hotspot\share\interpreter\linkResolver.cpp, line 826]
Event: 0.972 Thread 0x000001c73264b2c0 Exception <a 'java/lang/NoSuchMethodError'{0x000000008aa52c20}: 'int java.lang.invoke.DirectMethodHandle$Holder.invokeSpecialIFC(java.lang.Object, java.lang.Object, java.lang.Object, java.lang.Object)'> (0x000000008aa52c20) 
thrown [s\open\src\hotspot\share\interpreter\linkResolver.cpp, line 759]
Event: 1.189 Thread 0x000001c7950b4e80 Exception <a 'java/lang/NoSuchMethodError'{0x000000008a982fd8}: 'void java.lang.invoke.DirectMethodHandle$Holder.invokeStatic(java.lang.Object, long)'> (0x000000008a982fd8) 
thrown [s\open\src\hotspot\share\interpreter\linkResolver.cpp, line 759]
Event: 1.190 Thread 0x000001c7950b4e80 Exception <a 'java/lang/NoSuchMethodError'{0x000000008a9886f8}: 'java.lang.Object java.lang.invoke.DirectMethodHandle$Holder.newInvokeSpecial(java.lang.Object, long)'> (0x000000008a9886f8) 
thrown [s\open\src\hotspot\share\interpreter\linkResolver.cpp, line 759]
Event: 1.192 Thread 0x000001c7950b4e80 Exception <a 'java/lang/NoSuchMethodError'{0x000000008a9931f0}: 'java.lang.Object java.lang.invoke.DirectMethodHandle$Holder.invokeStaticInit(java.lang.Object, java.lang.Object, long, java.lang.Object)'> (0x000000008a9931f0) 
thrown [s\open\src\hotspot\share\interpreter\linkResolver.cpp, line 759]
Event: 1.193 Thread 0x000001c7950b4e80 Exception <a 'java/lang/NoSuchMethodError'{0x000000008a999300}: 'java.lang.Object java.lang.invoke.DirectMethodHandle$Holder.newInvokeSpecial(java.lang.Object, java.lang.Object, long)'> (0x000000008a999300) 
thrown [s\open\src\hotspot\share\interpreter\linkResolver.cpp, line 759]
Event: 1.195 Thread 0x000001c7950b4e80 Exception <a 'java/lang/NoSuchMethodError'{0x000000008a99d848}: 'java.lang.Object java.lang.invoke.Invokers$Holder.linkToTargetMethod(java.lang.Object, long, java.lang.Object)'> (0x000000008a99d848) 
thrown [s\open\src\hotspot\share\interpreter\linkResolver.cpp, line 759]
Event: 1.250 Thread 0x000001c73264b2c0 Exception <a 'java/lang/NoSuchMethodError'{0x000000008a85c328}: 'int java.lang.invoke.DirectMethodHandle$Holder.invokeVirtual(java.lang.Object, java.lang.Object)'> (0x000000008a85c328) 
thrown [s\open\src\hotspot\share\interpreter\linkResolver.cpp, line 759]
Event: 1.251 Thread 0x000001c73264b2c0 Exception <a 'java/lang/NoSuchMethodError'{0x000000008a862848}: 'double java.lang.invoke.DirectMethodHandle$Holder.invokeVirtual(java.lang.Object, java.lang.Object)'> (0x000000008a862848) 
thrown [s\open\src\hotspot\share\interpreter\linkResolver.cpp, line 759]
Event: 1.251 Thread 0x000001c73264b2c0 Exception <a 'java/lang/NoSuchMethodError'{0x000000008a868ff0}: 'float java.lang.invoke.DirectMethodHandle$Holder.invokeVirtual(java.lang.Object, java.lang.Object)'> (0x000000008a868ff0) 
thrown [s\open\src\hotspot\share\interpreter\linkResolver.cpp, line 759]
Event: 1.252 Thread 0x000001c73264b2c0 Exception <a 'java/lang/NoSuchMethodError'{0x000000008a872180}: 'long java.lang.invoke.DirectMethodHandle$Holder.invokeVirtual(java.lang.Object, java.lang.Object)'> (0x000000008a872180) 
thrown [s\open\src\hotspot\share\interpreter\linkResolver.cpp, line 759]
Event: 1.256 Thread 0x000001c73264b2c0 Exception <a 'java/lang/NoSuchMethodError'{0x000000008a8a0448}: 'void java.lang.invoke.DirectMethodHandle$Holder.invokeStatic(java.lang.Object, java.lang.Object, java.lang.Object)'> (0x000000008a8a0448) 
thrown [s\open\src\hotspot\share\interpreter\linkResolver.cpp, line 759]
Event: 1.256 Thread 0x000001c73264b2c0 Exception <a 'java/lang/NoSuchMethodError'{0x000000008a8a69e8}: 'java.lang.Object java.lang.invoke.DirectMethodHandle$Holder.invokeVirtual(java.lang.Object, java.lang.Object, java.lang.Object)'> (0x000000008a8a69e8) 
thrown [s\open\src\hotspot\share\interpreter\linkResolver.cpp, line 759]
Event: 1.278 Thread 0x000001c73264b2c0 Exception <a 'java/lang/NoSuchMethodError'{0x000000008a7c7d38}: 'java.lang.Object java.lang.invoke.DirectMethodHandle$Holder.newInvokeSpecial(java.lang.Object, java.lang.Object, int, int)'> (0x000000008a7c7d38) 
thrown [s\open\src\hotspot\share\interpreter\linkResolver.cpp, line 759]
Event: 1.279 Thread 0x000001c73264b2c0 Exception <a 'java/lang/NoSuchMethodError'{0x000000008a7d27d8}: 'void java.lang.invoke.DirectMethodHandle$Holder.invokeStatic(java.lang.Object, java.lang.Object, int)'> (0x000000008a7d27d8) 
thrown [s\open\src\hotspot\share\interpreter\linkResolver.cpp, line 759]
Event: 1.293 Thread 0x000001c73264b2c0 Exception <a 'java/lang/NoSuchMethodError'{0x000000008a6b5ea0}: 'java.lang.Object java.lang.invoke.DirectMethodHandle$Holder.newInvokeSpecial(java.lang.Object, java.lang.Object, java.lang.Object, java.lang.Object, java.lang.Object)'> (0x000000008a6b5ea0) 
thrown [s\open\src\hotspot\share\interpreter\linkResolver.cpp, line 759]
Event: 1.320 Thread 0x000001c73264b2c0 Exception <a 'java/lang/NoSuchMethodError'{0x000000008a405fd0}: 'int java.lang.invoke.DirectMethodHandle$Holder.invokeSpecialIFC(java.lang.Object, java.lang.Object, java.lang.Object)'> (0x000000008a405fd0) 
thrown [s\open\src\hotspot\share\interpreter\linkResolver.cpp, line 759]
Event: 1.337 Thread 0x000001c73264b2c0 Exception <a 'java/lang/NoSuchMethodError'{0x000000008a4cec88}: 'void java.lang.invoke.DirectMethodHandle$Holder.invokeStatic(java.lang.Object, java.lang.Object, java.lang.Object, java.lang.Object)'> (0x000000008a4cec88) 
thrown [s\open\src\hotspot\share\interpreter\linkResolver.cpp, line 759]

VM Operations (20 events):
Event: 0.362 Executing VM operation: HandshakeAllThreads
Event: 0.362 Executing VM operation: HandshakeAllThreads done
Event: 0.373 Executing VM operation: HandshakeAllThreads
Event: 0.373 Executing VM operation: HandshakeAllThreads done
Event: 0.376 Executing VM operation: G1CollectForAllocation
Event: 0.379 Executing VM operation: G1CollectForAllocation done
Event: 0.579 Executing VM operation: HandshakeAllThreads
Event: 0.579 Executing VM operation: HandshakeAllThreads done
Event: 0.808 Executing VM operation: G1CollectForAllocation
Event: 0.812 Executing VM operation: G1CollectForAllocation done
Event: 0.822 Executing VM operation: HandshakeAllThreads
Event: 0.822 Executing VM operation: HandshakeAllThreads done
Event: 1.233 Executing VM operation: HandshakeAllThreads
Event: 1.233 Executing VM operation: HandshakeAllThreads done
Event: 1.234 Executing VM operation: HandshakeAllThreads
Event: 1.234 Executing VM operation: HandshakeAllThreads done
Event: 1.237 Executing VM operation: HandshakeAllThreads
Event: 1.237 Executing VM operation: HandshakeAllThreads done
Event: 2.246 Executing VM operation: Cleanup
Event: 2.246 Executing VM operation: Cleanup done

Events (20 events):
Event: 1.485 loading class java/io/PushbackInputStream
Event: 1.485 loading class java/io/PushbackInputStream done
Event: 1.498 loading class java/nio/charset/IllegalCharsetNameException
Event: 1.498 loading class java/nio/charset/IllegalCharsetNameException done
Event: 1.498 loading class java/nio/charset/UnsupportedCharsetException
Event: 1.498 loading class java/nio/charset/UnsupportedCharsetException done
Event: 1.503 loading class sun/nio/ch/IOVecWrapper
Event: 1.503 loading class sun/nio/ch/IOVecWrapper done
Event: 1.503 loading class sun/nio/ch/AllocatedNativeObject
Event: 1.503 loading class sun/nio/ch/NativeObject
Event: 1.504 loading class sun/nio/ch/NativeObject done
Event: 1.504 loading class sun/nio/ch/AllocatedNativeObject done
Event: 1.504 loading class sun/nio/ch/IOVecWrapper$Deallocator
Event: 1.504 loading class sun/nio/ch/IOVecWrapper$Deallocator done
Event: 2.367 loading class java/util/concurrent/ConcurrentLinkedDeque
Event: 2.368 loading class java/util/concurrent/ConcurrentLinkedDeque done
Event: 2.368 loading class java/util/concurrent/ConcurrentLinkedDeque$Node
Event: 2.368 loading class java/util/concurrent/ConcurrentLinkedDeque$Node done
Event: 2.407 loading class java/util/DualPivotQuicksort
Event: 2.407 loading class java/util/DualPivotQuicksort done


Dynamic libraries:
0x00007ff735120000 - 0x00007ff735130000 	C:\Program Files\Java\jdk-17\bin\javaw.exe
0x00007fffe35f0000 - 0x00007fffe37e7000 	C:\Windows\SYSTEM32\ntdll.dll
0x00007fffe21f0000 - 0x00007fffe22ad000 	C:\Windows\System32\KERNEL32.DLL
0x00007fffe1040000 - 0x00007fffe1336000 	C:\Windows\System32\KERNELBASE.dll
0x00007fffe1340000 - 0x00007fffe1440000 	C:\Windows\System32\ucrtbase.dll
0x00007fffcfb90000 - 0x00007fffcfbab000 	C:\Program Files\Java\jdk-17\bin\VCRUNTIME140.dll
0x00007fffcfbb0000 - 0x00007fffcfbc9000 	C:\Program Files\Java\jdk-17\bin\jli.dll
0x00007fffe3450000 - 0x00007fffe34fe000 	C:\Windows\System32\ADVAPI32.dll
0x00007fffe2a50000 - 0x00007fffe2aee000 	C:\Windows\System32\msvcrt.dll
0x00007fffe3140000 - 0x00007fffe31dc000 	C:\Windows\System32\sechost.dll
0x00007fffe32b0000 - 0x00007fffe33d6000 	C:\Windows\System32\RPCRT4.dll
0x00007fffe1650000 - 0x00007fffe17ee000 	C:\Windows\System32\USER32.dll
0x00007fffe0cd0000 - 0x00007fffe0cf2000 	C:\Windows\System32\win32u.dll
0x00007fffe3060000 - 0x00007fffe308c000 	C:\Windows\System32\GDI32.dll
0x00007fffe1440000 - 0x00007fffe155a000 	C:\Windows\System32\gdi32full.dll
0x00007fffe0fa0000 - 0x00007fffe103d000 	C:\Windows\System32\msvcp_win.dll
0x00007fffcc620000 - 0x00007fffcc8ba000 	C:\Windows\WinSxS\amd64_microsoft.windows.common-controls_6595b64144ccf1df_6.0.19041.3570_none_60bb2a3971f3e41a\COMCTL32.dll
0x00007fffd6e00000 - 0x00007fffd6e0a000 	C:\Windows\SYSTEM32\VERSION.dll
0x00007fffe2160000 - 0x00007fffe2190000 	C:\Windows\System32\IMM32.DLL
0x00007fffd8fd0000 - 0x00007fffd8fdc000 	C:\Program Files\Java\jdk-17\bin\vcruntime140_1.dll
0x00007fffadbb0000 - 0x00007fffadc3e000 	C:\Program Files\Java\jdk-17\bin\msvcp140.dll
0x00007fff4ef40000 - 0x00007fff4fb21000 	C:\Program Files\Java\jdk-17\bin\server\jvm.dll
0x00007fffe2830000 - 0x00007fffe2838000 	C:\Windows\System32\PSAPI.DLL
0x00007fffdf190000 - 0x00007fffdf1b7000 	C:\Windows\SYSTEM32\WINMM.dll
0x00007fffb5090000 - 0x00007fffb5099000 	C:\Windows\SYSTEM32\WSOCK32.dll
0x00007fffe33e0000 - 0x00007fffe344b000 	C:\Windows\System32\WS2_32.dll
0x00007fffdf500000 - 0x00007fffdf512000 	C:\Windows\SYSTEM32\kernel.appcore.dll
0x00007fffdd300000 - 0x00007fffdd30a000 	C:\Program Files\Java\jdk-17\bin\jimage.dll
0x00007fffde7a0000 - 0x00007fffde984000 	C:\Windows\SYSTEM32\DBGHELP.DLL
0x00007fffdf150000 - 0x00007fffdf184000 	C:\Windows\SYSTEM32\dbgcore.DLL
0x00007fffe0db0000 - 0x00007fffe0e32000 	C:\Windows\System32\bcryptPrimitives.dll
0x00007fffcc300000 - 0x00007fffcc325000 	C:\Program Files\Java\jdk-17\bin\java.dll
0x00007fffa4900000 - 0x00007fffa49d7000 	C:\Program Files\Java\jdk-17\bin\jsvml.dll
0x00007fffe17f0000 - 0x00007fffe1f34000 	C:\Windows\System32\SHELL32.dll
0x00007fffde9b0000 - 0x00007fffdf14b000 	C:\Windows\SYSTEM32\windows.storage.dll
0x00007fffe2af0000 - 0x00007fffe2e44000 	C:\Windows\System32\combase.dll
0x00007fffe0710000 - 0x00007fffe073d000 	C:\Windows\SYSTEM32\Wldp.dll
0x00007fffe3500000 - 0x00007fffe35ad000 	C:\Windows\System32\SHCORE.dll
0x00007fffe2840000 - 0x00007fffe2895000 	C:\Windows\System32\shlwapi.dll
0x00007fffe0c00000 - 0x00007fffe0c25000 	C:\Windows\SYSTEM32\profapi.dll
0x00007fffd8f90000 - 0x00007fffd8fa9000 	C:\Program Files\Java\jdk-17\bin\net.dll
0x00007fffda860000 - 0x00007fffda96a000 	C:\Windows\SYSTEM32\WINHTTP.dll
0x00007fffe0470000 - 0x00007fffe04da000 	C:\Windows\system32\mswsock.dll
0x00007fffd65d0000 - 0x00007fffd65e6000 	C:\Program Files\Java\jdk-17\bin\nio.dll
0x00007fffcef10000 - 0x00007fffcef28000 	C:\Program Files\Java\jdk-17\bin\zip.dll
0x00007fffe0150000 - 0x00007fffe021a000 	C:\Windows\SYSTEM32\DNSAPI.dll
0x00007fffe0110000 - 0x00007fffe014b000 	C:\Windows\SYSTEM32\IPHLPAPI.DLL
0x00007fffe20e0000 - 0x00007fffe20e8000 	C:\Windows\System32\NSI.dll
0x00007fffd5b30000 - 0x00007fffd5b3a000 	C:\Windows\System32\rasadhlp.dll
0x00007fffcec50000 - 0x00007fffcecd2000 	C:\Windows\System32\fwpuclnt.dll
0x00007fffe1620000 - 0x00007fffe1647000 	C:\Windows\System32\bcrypt.dll
0x00007fffdd2f0000 - 0x00007fffdd300000 	C:\Program Files\Java\jdk-17\bin\verify.dll
0x00007fffcf9e0000 - 0x00007fffcf9ea000 	C:\Program Files\Java\jdk-17\bin\management.dll
0x00007fffcee80000 - 0x00007fffcee8b000 	C:\Program Files\Java\jdk-17\bin\management_ext.dll
0x00007fffd9060000 - 0x00007fffd906e000 	C:\Program Files\Java\jdk-17\bin\sunmscapi.dll
0x00007fffe0e40000 - 0x00007fffe0f9d000 	C:\Windows\System32\CRYPT32.dll
0x00007fffe0780000 - 0x00007fffe07a7000 	C:\Windows\SYSTEM32\ncrypt.dll
0x00007fffe0740000 - 0x00007fffe077b000 	C:\Windows\SYSTEM32\NTASN1.dll
0x00007fffe0670000 - 0x00007fffe0688000 	C:\Windows\SYSTEM32\CRYPTSP.dll
0x00007fffdfd10000 - 0x00007fffdfd44000 	C:\Windows\system32\rsaenh.dll
0x00007fffe0bc0000 - 0x00007fffe0bee000 	C:\Windows\SYSTEM32\USERENV.dll
0x00007fffe0660000 - 0x00007fffe066c000 	C:\Windows\SYSTEM32\CRYPTBASE.dll
0x00007fffd4780000 - 0x00007fffd4797000 	C:\Windows\SYSTEM32\dhcpcsvc6.DLL
0x00007fffd4f90000 - 0x00007fffd4fad000 	C:\Windows\SYSTEM32\dhcpcsvc.DLL
0x00007fffd8fb0000 - 0x00007fffd8fb7000 	C:\Windows\system32\wshunix.dll

dbghelp: loaded successfully - version: 4.0.5 - missing functions: none
symbol engine: initialized successfully - sym options: 0x614 - pdb path: .;C:\Program Files\Java\jdk-17\bin;C:\Windows\SYSTEM32;C:\Windows\WinSxS\amd64_microsoft.windows.common-controls_6595b64144ccf1df_6.0.19041.3570_none_60bb2a3971f3e41a;C:\Program Files\Java\jdk-17\bin\server

VM Arguments:
jvm_args: -Dfile.encoding=UTF-8 -Dstdout.encoding=UTF-8 -Dstderr.encoding=UTF-8 -XX:+ShowCodeDetailsInExceptionMessages 
java_command: handleWebElement.WebElementLocator
java_class_path (initial): C:\Users\Lenovo\javaProject\handleWebElement\target\test-classes;C:\Users\Lenovo\javaProject\handleWebElement\target\classes;C:\Users\Lenovo\.m2\repository\org\seleniumhq\selenium\selenium-java\4.11.0\selenium-java-4.11.0.jar;C:\Users\Lenovo\.m2\repository\org\seleniumhq\selenium\selenium-api\4.11.0\selenium-api-4.11.0.jar;C:\Users\Lenovo\.m2\repository\org\seleniumhq\selenium\selenium-chrome-driver\4.11.0\selenium-chrome-driver-4.11.0.jar;C:\Users\Lenovo\.m2\repository\com\google\auto\service\auto-service-annotations\1.0.1\auto-service-annotations-1.0.1.jar;C:\Users\Lenovo\.m2\repository\com\google\guava\guava\31.1-jre\guava-31.1-jre.jar;C:\Users\Lenovo\.m2\repository\com\google\guava\failureaccess\1.0.1\failureaccess-1.0.1.jar;C:\Users\Lenovo\.m2\repository\com\google\guava\listenablefuture\9999.0-empty-to-avoid-conflict-with-guava\listenablefuture-9999.0-empty-to-avoid-conflict-with-guava.jar;C:\Users\Lenovo\.m2\repository\com\google\code\findbugs\jsr305\3.0.2\jsr305-3.0.2.jar;C:\Users\Lenovo\.m2\repository\org\checkerframework\checker-qual\3.12.0\checker-qual-3.12.0.jar;C:\Users\Lenovo\.m2\repository\com\google\errorprone\error_prone_annotations\2.11.0\error_prone_annotations-2.11.0.jar;C:\Users\Lenovo\.m2\repository\com\google\j2objc\j2objc-annotations\1.3\j2objc-annotations-1.3.jar;C:\Users\Lenovo\.m2\repository\org\seleniumhq\selenium\selenium-chromium-driver\4.11.0\selenium-chromium-driver-4.11.0.jar;C:\Users\Lenovo\.m2\repository\org\seleniumhq\selenium\selenium-json\4.11.0\selenium-json-4.11.0.jar;C:\Users\Lenovo\.m2\repository\org\seleniumhq\selenium\selenium-manager\4.11.0\selenium-manager-4.11.0.jar;C:\Users\Lenovo\.m2\repository\org\seleniumhq\selenium\selenium-devtools-v113\4.11.0\selenium-devtools-v113-4.11.0.jar;C:\Users\Lenovo\.m2\repository\org\seleniumhq\selenium\selenium-devtools-v114\4.11.0\selenium-devtools-v114-4.11.0.jar;C:\Users\Lenovo\.m2\repository\org\seleniumhq\selenium\selenium-devtools-v115\4.11.0\selenium
Launcher Type: SUN_STANDARD

[Global flags]
     intx CICompilerCount                          = 3                                         {product} {ergonomic}
     uint ConcGCThreads                            = 1                                         {product} {ergonomic}
     uint G1ConcRefinementThreads                  = 4                                         {product} {ergonomic}
   size_t G1HeapRegionSize                         = 1048576                                   {product} {ergonomic}
    uintx GCDrainStackTargetSize                   = 64                                        {product} {ergonomic}
   size_t InitialHeapSize                          = 132120576                                 {product} {ergonomic}
   size_t MarkStackSize                            = 4194304                                   {product} {ergonomic}
   size_t MaxHeapSize                              = 2095054848                                {product} {ergonomic}
   size_t MaxNewSize                               = 1256194048                                {product} {ergonomic}
   size_t MinHeapDeltaBytes                        = 1048576                                   {product} {ergonomic}
   size_t MinHeapSize                              = 8388608                                   {product} {ergonomic}
    uintx NonNMethodCodeHeapSize                   = 5832780                                {pd product} {ergonomic}
    uintx NonProfiledCodeHeapSize                  = 122912730                              {pd product} {ergonomic}
    uintx ProfiledCodeHeapSize                     = 122912730                              {pd product} {ergonomic}
    uintx ReservedCodeCacheSize                    = 251658240                              {pd product} {ergonomic}
     bool SegmentedCodeCache                       = true                                      {product} {ergonomic}
     bool ShowCodeDetailsInExceptionMessages       = true                                   {manageable} {command line}
   size_t SoftMaxHeapSize                          = 2095054848                             {manageable} {ergonomic}
     bool UseCompressedClassPointers               = true                           {product lp64_product} {ergonomic}
     bool UseCompressedOops                        = true                           {product lp64_product} {ergonomic}
     bool UseG1GC                                  = true                                      {product} {ergonomic}
     bool UseLargePagesIndividualAllocation        = false                                  {pd product} {ergonomic}

Logging:
Log output configuration:
 #0: stdout all=warning uptime,level,tags
 #1: stderr all=off uptime,level,tags

Environment Variables:
JAVA_HOME=C:\Program Files\Java\jdk-21
PATH=C:/Program Files/Java/jdk-17/bin/server;C:/Program Files/Java/jdk-17/bin;C:\Program Files\Common Files\Oracle\Java\javapath;C:\Program Files (x86)\Common Files\Oracle\Java\javapath;C:\Windows\system32;C:\Windows;C:\Windows\System32\Wbem;C:\Windows\System32\WindowsPowerShell\v1.0\;C:\Windows\System32\OpenSSH\;C:\Program Files\Git\cmd;C:\Program Files\nodejs\;C:\Program Files\MySQL\MySQL Server 8.0\bin;C:\Program Files\Java\jdk-21\bin;C:\Program Files\Common Files\Oracle\Java\javapath;C:\webdrivers;C:\Program Files\MySQL\MySQL Shell 8.0\bin\;C:\Users\Lenovo\AppData\Local\Microsoft\WindowsApps;C:\Users\Lenovo\AppData\Local\Programs\Microsoft VS Code\bin;C:\Users\Lenovo\AppData\Roaming\npm;C:\Users\Lenovo\AppData\Local\Programs\Hyper\resources\bin;C:\Program Files\heroku\bin;C:\Program Files\MongoDB\Server\6.0\bin;C:\Program Files\Mongosh\mongosh-1.9.1-win32-x64\bin;;C:\Users\Lenovo\Desktop;
USERNAME=Lenovo
OS=Windows_NT
PROCESSOR_IDENTIFIER=Intel64 Family 6 Model 140 Stepping 1, GenuineIntel



---------------  S Y S T E M  ---------------

OS:
 Windows 10 , 64 bit Build 19041 (10.0.19041.3570)
OS uptime: 28 days 9:04 hours

CPU: total 4 (initial active 4) (2 cores per cpu, 2 threads per core) family 6 model 140 stepping 1 microcode 0x9a, cx8, cmov, fxsr, ht, mmx, 3dnowpref, sse, sse2, sse3, ssse3, sse4.1, sse4.2, popcnt, lzcnt, tsc, tscinvbit, avx, avx2, aes, erms, clmul, bmi1, bmi2, adx, avx512f, avx512dq, avx512cd, avx512bw, avx512vl, sha, fma, vzeroupper, avx512_vpopcntdq, avx512_vpclmulqdq, avx512_vaes, avx512_vnni, clflush, clflushopt, clwb, avx512_vbmi2, avx512_vbmi

Memory: 4k page, system-wide physical 7991M (345M free)
TotalPageFile size 22049M (AvailPageFile size 2M)
current process WorkingSet (physical memory assigned to process): 107M, peak: 107M
current process commit charge ("private bytes"): 237M, peak: 237M

vm_info: Java HotSpot(TM) 64-Bit Server VM (17.0.9+11-LTS-201) for windows-amd64 JRE (17.0.9+11-LTS-201), built on Oct 10 2023 23:16:06 by "mach5one" with MS VC++ 17.1 (VS2022)

END.
