#
# There is insufficient memory for the Java Runtime Environment to continue.
# Native memory allocation (malloc) failed to allocate 817008 bytes for Chunk::new
# Possible reasons:
#   The system is out of physical RAM or swap space
#   The process is running with CompressedOops enabled, and the Java Heap may be blocking the growth of the native heap
# Possible solutions:
#   Reduce memory load on the system
#   Increase physical memory or swap space
#   Check if swap backing store is full
#   Decrease Java heap size (-Xmx/-Xms)
#   Decrease number of Java threads
#   Decrease Java thread stack sizes (-Xss)
#   Set larger code cache with -XX:ReservedCodeCacheSize=
#   JVM is running with Unscaled Compressed Oops mode in which the Java heap is
#     placed in the first 4GB address space. The Java Heap base address is the
#     maximum limit for the native heap growth. Please use -XX:HeapBaseMinAddress
#     to set the Java Heap base and to place the Java Heap above 4GB virtual address.
# This output file may be truncated or incomplete.
#
#  Out of Memory Error (arena.cpp:189), pid=23312, tid=24108
#
# JRE version: Java(TM) SE Runtime Environment (17.0.9+11) (build 17.0.9+11-LTS-201)
# Java VM: Java HotSpot(TM) 64-Bit Server VM (17.0.9+11-LTS-201, mixed mode, sharing, tiered, compressed oops, compressed class ptrs, g1 gc, windows-amd64)
# No core dump will be written. Minidumps are not enabled by default on client versions of Windows
#

---------------  S U M M A R Y ------------

Command Line: -Dfile.encoding=UTF-8 -Dstdout.encoding=UTF-8 -Dstderr.encoding=UTF-8 -XX:+ShowCodeDetailsInExceptionMessages handleWebElement.WebElementLocator

Host: 11th Gen Intel(R) Core(TM) i3-1115G4 @ 3.00GHz, 4 cores, 7G,  Windows 10 , 64 bit Build 19041 (10.0.19041.3570)
Time: Fri Nov 10 17:42:54 2023 India Standard Time elapsed time: 3.018843 seconds (0d 0h 0m 3s)

---------------  T H R E A D  ---------------

Current thread (0x000001e476ac4610):  JavaThread "C2 CompilerThread0" daemon [_thread_in_native, id=24108, stack(0x0000005641000000,0x0000005641100000)]


Current CompileTask:
C2:   3019 1496       4       java.net.URLStreamHandler::parseURL (1201 bytes)

Stack: [0x0000005641000000,0x0000005641100000]
Native frames: (J=compiled Java code, j=interpreted, Vv=VM code, C=native code)
V  [jvm.dll+0x678a4a]
V  [jvm.dll+0x7d9cfd]
V  [jvm.dll+0x7db60e]
V  [jvm.dll+0x7dbc73]
V  [jvm.dll+0x245e1f]
V  [jvm.dll+0xaaafb]
V  [jvm.dll+0xab09c]
V  [jvm.dll+0x36237e]
V  [jvm.dll+0x32ca01]
V  [jvm.dll+0x32be9a]
V  [jvm.dll+0x21812f]
V  [jvm.dll+0x217561]
V  [jvm.dll+0x1a3bc0]
V  [jvm.dll+0x2272de]
V  [jvm.dll+0x22548b]
V  [jvm.dll+0x78f58c]
V  [jvm.dll+0x78998a]
V  [jvm.dll+0x677875]
C  [ucrtbase.dll+0x21bb2]
C  [KERNEL32.DLL+0x17344]
C  [ntdll.dll+0x526b1]


---------------  P R O C E S S  ---------------

Threads class SMR info:
_java_thread_list=0x000001e47bd19710, length=22, elements={
0x000001e457390170, 0x000001e476aada60, 0x000001e476aaedc0, 0x000001e476abfae0,
0x000001e476ac05a0, 0x000001e476ac2710, 0x000001e476ac30d0, 0x000001e476ac4610,
0x000001e476af3cb0, 0x000001e476b04a40, 0x000001e47b0cf190, 0x000001e47b0df940,
0x000001e47ba655e0, 0x000001e47bcbc890, 0x000001e47bd23fc0, 0x000001e47bb41890,
0x000001e47bd798a0, 0x000001e47bda50b0, 0x000001e47bda2d40, 0x000001e47bda3250,
0x000001e47bda1900, 0x000001e47bda1e10
}

Java Threads: ( => current thread )
  0x000001e457390170 JavaThread "Forwarding newSession on session null to remote" [_thread_in_vm, id=27840, stack(0x0000005640300000,0x0000005640400000)]
  0x000001e476aada60 JavaThread "Reference Handler" daemon [_thread_blocked, id=10872, stack(0x0000005640a00000,0x0000005640b00000)]
  0x000001e476aaedc0 JavaThread "Finalizer" daemon [_thread_blocked, id=12336, stack(0x0000005640b00000,0x0000005640c00000)]
  0x000001e476abfae0 JavaThread "Signal Dispatcher" daemon [_thread_blocked, id=14600, stack(0x0000005640c00000,0x0000005640d00000)]
  0x000001e476ac05a0 JavaThread "Attach Listener" daemon [_thread_blocked, id=15500, stack(0x0000005640d00000,0x0000005640e00000)]
  0x000001e476ac2710 JavaThread "Service Thread" daemon [_thread_blocked, id=22852, stack(0x0000005640e00000,0x0000005640f00000)]
  0x000001e476ac30d0 JavaThread "Monitor Deflation Thread" daemon [_thread_blocked, id=23132, stack(0x0000005640f00000,0x0000005641000000)]
=>0x000001e476ac4610 JavaThread "C2 CompilerThread0" daemon [_thread_in_native, id=24108, stack(0x0000005641000000,0x0000005641100000)]
  0x000001e476af3cb0 JavaThread "C1 CompilerThread0" daemon [_thread_in_native, id=7288, stack(0x0000005641100000,0x0000005641200000)]
  0x000001e476b04a40 JavaThread "Sweeper thread" daemon [_thread_blocked, id=13508, stack(0x0000005641200000,0x0000005641300000)]
  0x000001e47b0cf190 JavaThread "Notification Thread" daemon [_thread_blocked, id=22660, stack(0x0000005641300000,0x0000005641400000)]
  0x000001e47b0df940 JavaThread "Common-Cleaner" daemon [_thread_blocked, id=3288, stack(0x0000005641500000,0x0000005641600000)]
  0x000001e47ba655e0 JavaThread "ForkJoinPool.commonPool-worker-1" daemon [_thread_blocked, id=30964, stack(0x0000005641700000,0x0000005641800000)]
  0x000001e47bcbc890 JavaThread "AsyncHttpClient-1-1" daemon [_thread_blocked, id=960, stack(0x0000005641b00000,0x0000005641c00000)]
  0x000001e47bd23fc0 JavaThread "Exec Default Executor" daemon [_thread_in_native, id=27068, stack(0x0000005641c00000,0x0000005641d00000)]
  0x000001e47bb41890 JavaThread "Exec Stream Pumper" daemon [_thread_in_native, id=2020, stack(0x0000005641600000,0x0000005641700000)]
  0x000001e47bd798a0 JavaThread "Exec Stream Pumper" daemon [_thread_in_native, id=19992, stack(0x0000005641d00000,0x0000005641e00000)]
  0x000001e47bda50b0 JavaThread "Driver Service Executor" daemon [_thread_blocked, id=32696, stack(0x0000005641e00000,0x0000005641f00000)]
  0x000001e47bda2d40 JavaThread "Driver Service Executor" daemon [_thread_blocked, id=32376, stack(0x0000005641f00000,0x0000005642000000)]
  0x000001e47bda3250 JavaThread "UrlChecker-2" daemon [_thread_blocked, id=15152, stack(0x0000005642000000,0x0000005642100000)]
  0x000001e47bda1900 JavaThread "Keep-Alive-Timer" daemon [_thread_blocked, id=6740, stack(0x0000005642200000,0x0000005642300000)]
  0x000001e47bda1e10 JavaThread "AsyncHttpClient-1-2" daemon [_thread_in_native, id=15040, stack(0x0000005642300000,0x0000005642400000)]

Other Threads:
  0x000001e476aa7f50 VMThread "VM Thread" [stack: 0x0000005640900000,0x0000005640a00000] [id=872]
  0x000001e47b0d7690 WatcherThread [stack: 0x0000005641400000,0x0000005641500000] [id=8216]
  0x000001e4573e67d0 GCTaskThread "GC Thread#0" [stack: 0x0000005640400000,0x0000005640500000] [id=19300]
  0x000001e47bbf2d00 GCTaskThread "GC Thread#1" [stack: 0x0000005641800000,0x0000005641900000] [id=20136]
  0x000001e47baaab50 GCTaskThread "GC Thread#2" [stack: 0x0000005641900000,0x0000005641a00000] [id=30056]
  0x000001e47bacfd30 GCTaskThread "GC Thread#3" [stack: 0x0000005641a00000,0x0000005641b00000] [id=19116]
  0x000001e4573f70e0 ConcurrentGCThread "G1 Main Marker" [stack: 0x0000005640500000,0x0000005640600000] [id=8236]
  0x000001e4573f7af0 ConcurrentGCThread "G1 Conc#0" [stack: 0x0000005640600000,0x0000005640700000] [id=13824]
  0x000001e45745e0f0 ConcurrentGCThread "G1 Refine#0" [stack: 0x0000005640700000,0x0000005640800000] [id=5332]
  0x000001e45745eb20 ConcurrentGCThread "G1 Service" [stack: 0x0000005640800000,0x0000005640900000] [id=7608]

Threads with active compile tasks:
C2 CompilerThread0     3033 1496       4       java.net.URLStreamHandler::parseURL (1201 bytes)
C1 CompilerThread0     3033 1524       3       java.lang.invoke.InnerClassLambdaMetafactory::generateConstructor (154 bytes)

VM state: not at safepoint (normal execution)

VM Mutex/Monitor currently owned by a thread: None

Heap address: 0x0000000083200000, size: 1998 MB, Compressed Oops mode: 32-bit

CDS archive(s) mapped at: [0x000001e400000000-0x000001e400bd0000-0x000001e400bd0000), size 12386304, SharedBaseAddress: 0x000001e400000000, ArchiveRelocationMode: 1.
Compressed class space mapped at: 0x000001e401000000-0x000001e441000000, reserved size: 1073741824
Narrow klass base: 0x000001e400000000, Narrow klass shift: 0, Narrow klass range: 0x100000000

GC Precious Log:
 CPUs: 4 total, 4 available
 Memory: 7991M
 Large Page Support: Disabled
 NUMA Support: Disabled
 Compressed Oops: Enabled (32-bit)
 Heap Region Size: 1M
 Heap Min Capacity: 8M
 Heap Initial Capacity: 126M
 Heap Max Capacity: 1998M
 Pre-touch: Disabled
 Parallel Workers: 4
 Concurrent Workers: 1
 Concurrent Refinement Workers: 4
 Periodic GC: Disabled

Heap:
 garbage-first heap   total 129024K, used 33050K [0x0000000083200000, 0x0000000100000000)
  region size 1024K, 24 young (24576K), 2 survivors (2048K)
 Metaspace       used 16043K, committed 16256K, reserved 1114112K
  class space    used 1984K, committed 2112K, reserved 1048576K

Heap Regions: E=young(eden), S=young(survivor), O=old, HS=humongous(starts), HC=humongous(continues), CS=collection set, F=free, OA=open archive, CA=closed archive, TAMS=top-at-mark-start (previous, next)
|   0|0x0000000083200000, 0x0000000083300000, 0x0000000083300000|100%| O|  |TAMS 0x0000000083200000, 0x0000000083200000| Untracked 
|   1|0x0000000083300000, 0x0000000083400000, 0x0000000083400000|100%| O|  |TAMS 0x0000000083300000, 0x0000000083300000| Untracked 
|   2|0x0000000083400000, 0x0000000083500000, 0x0000000083500000|100%| O|  |TAMS 0x0000000083400000, 0x0000000083400000| Untracked 
|   3|0x0000000083500000, 0x0000000083600000, 0x0000000083600000|100%| O|  |TAMS 0x0000000083500000, 0x0000000083500000| Untracked 
|   4|0x0000000083600000, 0x0000000083646800, 0x0000000083700000| 27%| O|  |TAMS 0x0000000083600000, 0x0000000083600000| Untracked 
|   5|0x0000000083700000, 0x0000000083800000, 0x0000000083800000|100%|HS|  |TAMS 0x0000000083700000, 0x0000000083700000| Complete 
|   6|0x0000000083800000, 0x0000000083900000, 0x0000000083900000|100%|HC|  |TAMS 0x0000000083800000, 0x0000000083800000| Complete 
|   7|0x0000000083900000, 0x0000000083a00000, 0x0000000083a00000|100%|HC|  |TAMS 0x0000000083900000, 0x0000000083900000| Complete 
|   8|0x0000000083a00000, 0x0000000083b00000, 0x0000000083b00000|100%|HC|  |TAMS 0x0000000083a00000, 0x0000000083a00000| Complete 
|   9|0x0000000083b00000, 0x0000000083c00000, 0x0000000083c00000|100%|HC|  |TAMS 0x0000000083b00000, 0x0000000083b00000| Complete 
|  10|0x0000000083c00000, 0x0000000083c00000, 0x0000000083d00000|  0%| F|  |TAMS 0x0000000083c00000, 0x0000000083c00000| Untracked 
|  11|0x0000000083d00000, 0x0000000083d00000, 0x0000000083e00000|  0%| F|  |TAMS 0x0000000083d00000, 0x0000000083d00000| Untracked 
|  12|0x0000000083e00000, 0x0000000083e00000, 0x0000000083f00000|  0%| F|  |TAMS 0x0000000083e00000, 0x0000000083e00000| Untracked 
|  13|0x0000000083f00000, 0x0000000083f00000, 0x0000000084000000|  0%| F|  |TAMS 0x0000000083f00000, 0x0000000083f00000| Untracked 
|  14|0x0000000084000000, 0x0000000084000000, 0x0000000084100000|  0%| F|  |TAMS 0x0000000084000000, 0x0000000084000000| Untracked 
|  15|0x0000000084100000, 0x0000000084100000, 0x0000000084200000|  0%| F|  |TAMS 0x0000000084100000, 0x0000000084100000| Untracked 
|  16|0x0000000084200000, 0x0000000084200000, 0x0000000084300000|  0%| F|  |TAMS 0x0000000084200000, 0x0000000084200000| Untracked 
|  17|0x0000000084300000, 0x0000000084300000, 0x0000000084400000|  0%| F|  |TAMS 0x0000000084300000, 0x0000000084300000| Untracked 
|  18|0x0000000084400000, 0x0000000084400000, 0x0000000084500000|  0%| F|  |TAMS 0x0000000084400000, 0x0000000084400000| Untracked 
|  19|0x0000000084500000, 0x0000000084500000, 0x0000000084600000|  0%| F|  |TAMS 0x0000000084500000, 0x0000000084500000| Untracked 
|  20|0x0000000084600000, 0x0000000084600000, 0x0000000084700000|  0%| F|  |TAMS 0x0000000084600000, 0x0000000084600000| Untracked 
|  21|0x0000000084700000, 0x0000000084700000, 0x0000000084800000|  0%| F|  |TAMS 0x0000000084700000, 0x0000000084700000| Untracked 
|  22|0x0000000084800000, 0x0000000084800000, 0x0000000084900000|  0%| F|  |TAMS 0x0000000084800000, 0x0000000084800000| Untracked 
|  23|0x0000000084900000, 0x0000000084900000, 0x0000000084a00000|  0%| F|  |TAMS 0x0000000084900000, 0x0000000084900000| Untracked 
|  24|0x0000000084a00000, 0x0000000084a00000, 0x0000000084b00000|  0%| F|  |TAMS 0x0000000084a00000, 0x0000000084a00000| Untracked 
|  25|0x0000000084b00000, 0x0000000084b00000, 0x0000000084c00000|  0%| F|  |TAMS 0x0000000084b00000, 0x0000000084b00000| Untracked 
|  26|0x0000000084c00000, 0x0000000084c00000, 0x0000000084d00000|  0%| F|  |TAMS 0x0000000084c00000, 0x0000000084c00000| Untracked 
|  27|0x0000000084d00000, 0x0000000084d00000, 0x0000000084e00000|  0%| F|  |TAMS 0x0000000084d00000, 0x0000000084d00000| Untracked 
|  28|0x0000000084e00000, 0x0000000084e00000, 0x0000000084f00000|  0%| F|  |TAMS 0x0000000084e00000, 0x0000000084e00000| Untracked 
|  29|0x0000000084f00000, 0x0000000084f00000, 0x0000000085000000|  0%| F|  |TAMS 0x0000000084f00000, 0x0000000084f00000| Untracked 
|  30|0x0000000085000000, 0x0000000085000000, 0x0000000085100000|  0%| F|  |TAMS 0x0000000085000000, 0x0000000085000000| Untracked 
|  31|0x0000000085100000, 0x0000000085100000, 0x0000000085200000|  0%| F|  |TAMS 0x0000000085100000, 0x0000000085100000| Untracked 
|  32|0x0000000085200000, 0x0000000085200000, 0x0000000085300000|  0%| F|  |TAMS 0x0000000085200000, 0x0000000085200000| Untracked 
|  33|0x0000000085300000, 0x0000000085300000, 0x0000000085400000|  0%| F|  |TAMS 0x0000000085300000, 0x0000000085300000| Untracked 
|  34|0x0000000085400000, 0x0000000085400000, 0x0000000085500000|  0%| F|  |TAMS 0x0000000085400000, 0x0000000085400000| Untracked 
|  35|0x0000000085500000, 0x0000000085500000, 0x0000000085600000|  0%| F|  |TAMS 0x0000000085500000, 0x0000000085500000| Untracked 
|  36|0x0000000085600000, 0x0000000085600000, 0x0000000085700000|  0%| F|  |TAMS 0x0000000085600000, 0x0000000085600000| Untracked 
|  37|0x0000000085700000, 0x0000000085700000, 0x0000000085800000|  0%| F|  |TAMS 0x0000000085700000, 0x0000000085700000| Untracked 
|  38|0x0000000085800000, 0x0000000085800000, 0x0000000085900000|  0%| F|  |TAMS 0x0000000085800000, 0x0000000085800000| Untracked 
|  39|0x0000000085900000, 0x0000000085900000, 0x0000000085a00000|  0%| F|  |TAMS 0x0000000085900000, 0x0000000085900000| Untracked 
|  40|0x0000000085a00000, 0x0000000085a00000, 0x0000000085b00000|  0%| F|  |TAMS 0x0000000085a00000, 0x0000000085a00000| Untracked 
|  41|0x0000000085b00000, 0x0000000085b00000, 0x0000000085c00000|  0%| F|  |TAMS 0x0000000085b00000, 0x0000000085b00000| Untracked 
|  42|0x0000000085c00000, 0x0000000085c00000, 0x0000000085d00000|  0%| F|  |TAMS 0x0000000085c00000, 0x0000000085c00000| Untracked 
|  43|0x0000000085d00000, 0x0000000085d00000, 0x0000000085e00000|  0%| F|  |TAMS 0x0000000085d00000, 0x0000000085d00000| Untracked 
|  44|0x0000000085e00000, 0x0000000085e00000, 0x0000000085f00000|  0%| F|  |TAMS 0x0000000085e00000, 0x0000000085e00000| Untracked 
|  45|0x0000000085f00000, 0x0000000085f00000, 0x0000000086000000|  0%| F|  |TAMS 0x0000000085f00000, 0x0000000085f00000| Untracked 
|  46|0x0000000086000000, 0x0000000086000000, 0x0000000086100000|  0%| F|  |TAMS 0x0000000086000000, 0x0000000086000000| Untracked 
|  47|0x0000000086100000, 0x0000000086100000, 0x0000000086200000|  0%| F|  |TAMS 0x0000000086100000, 0x0000000086100000| Untracked 
|  48|0x0000000086200000, 0x0000000086200000, 0x0000000086300000|  0%| F|  |TAMS 0x0000000086200000, 0x0000000086200000| Untracked 
|  49|0x0000000086300000, 0x0000000086300000, 0x0000000086400000|  0%| F|  |TAMS 0x0000000086300000, 0x0000000086300000| Untracked 
|  50|0x0000000086400000, 0x0000000086400000, 0x0000000086500000|  0%| F|  |TAMS 0x0000000086400000, 0x0000000086400000| Untracked 
|  51|0x0000000086500000, 0x0000000086500000, 0x0000000086600000|  0%| F|  |TAMS 0x0000000086500000, 0x0000000086500000| Untracked 
|  52|0x0000000086600000, 0x0000000086600000, 0x0000000086700000|  0%| F|  |TAMS 0x0000000086600000, 0x0000000086600000| Untracked 
|  53|0x0000000086700000, 0x0000000086700000, 0x0000000086800000|  0%| F|  |TAMS 0x0000000086700000, 0x0000000086700000| Untracked 
|  54|0x0000000086800000, 0x0000000086800000, 0x0000000086900000|  0%| F|  |TAMS 0x0000000086800000, 0x0000000086800000| Untracked 
|  55|0x0000000086900000, 0x0000000086900000, 0x0000000086a00000|  0%| F|  |TAMS 0x0000000086900000, 0x0000000086900000| Untracked 
|  56|0x0000000086a00000, 0x0000000086a00000, 0x0000000086b00000|  0%| F|  |TAMS 0x0000000086a00000, 0x0000000086a00000| Untracked 
|  57|0x0000000086b00000, 0x0000000086b00000, 0x0000000086c00000|  0%| F|  |TAMS 0x0000000086b00000, 0x0000000086b00000| Untracked 
|  58|0x0000000086c00000, 0x0000000086c00000, 0x0000000086d00000|  0%| F|  |TAMS 0x0000000086c00000, 0x0000000086c00000| Untracked 
|  59|0x0000000086d00000, 0x0000000086d00000, 0x0000000086e00000|  0%| F|  |TAMS 0x0000000086d00000, 0x0000000086d00000| Untracked 
|  60|0x0000000086e00000, 0x0000000086e00000, 0x0000000086f00000|  0%| F|  |TAMS 0x0000000086e00000, 0x0000000086e00000| Untracked 
|  61|0x0000000086f00000, 0x0000000086f00000, 0x0000000087000000|  0%| F|  |TAMS 0x0000000086f00000, 0x0000000086f00000| Untracked 
|  62|0x0000000087000000, 0x0000000087000000, 0x0000000087100000|  0%| F|  |TAMS 0x0000000087000000, 0x0000000087000000| Untracked 
|  63|0x0000000087100000, 0x0000000087100000, 0x0000000087200000|  0%| F|  |TAMS 0x0000000087100000, 0x0000000087100000| Untracked 
|  64|0x0000000087200000, 0x0000000087200000, 0x0000000087300000|  0%| F|  |TAMS 0x0000000087200000, 0x0000000087200000| Untracked 
|  65|0x0000000087300000, 0x0000000087300000, 0x0000000087400000|  0%| F|  |TAMS 0x0000000087300000, 0x0000000087300000| Untracked 
|  66|0x0000000087400000, 0x0000000087400000, 0x0000000087500000|  0%| F|  |TAMS 0x0000000087400000, 0x0000000087400000| Untracked 
|  67|0x0000000087500000, 0x0000000087500000, 0x0000000087600000|  0%| F|  |TAMS 0x0000000087500000, 0x0000000087500000| Untracked 
|  68|0x0000000087600000, 0x0000000087600000, 0x0000000087700000|  0%| F|  |TAMS 0x0000000087600000, 0x0000000087600000| Untracked 
|  69|0x0000000087700000, 0x0000000087700000, 0x0000000087800000|  0%| F|  |TAMS 0x0000000087700000, 0x0000000087700000| Untracked 
|  70|0x0000000087800000, 0x0000000087800000, 0x0000000087900000|  0%| F|  |TAMS 0x0000000087800000, 0x0000000087800000| Untracked 
|  71|0x0000000087900000, 0x0000000087900000, 0x0000000087a00000|  0%| F|  |TAMS 0x0000000087900000, 0x0000000087900000| Untracked 
|  72|0x0000000087a00000, 0x0000000087a00000, 0x0000000087b00000|  0%| F|  |TAMS 0x0000000087a00000, 0x0000000087a00000| Untracked 
|  73|0x0000000087b00000, 0x0000000087b00000, 0x0000000087c00000|  0%| F|  |TAMS 0x0000000087b00000, 0x0000000087b00000| Untracked 
|  74|0x0000000087c00000, 0x0000000087c00000, 0x0000000087d00000|  0%| F|  |TAMS 0x0000000087c00000, 0x0000000087c00000| Untracked 
|  75|0x0000000087d00000, 0x0000000087d00000, 0x0000000087e00000|  0%| F|  |TAMS 0x0000000087d00000, 0x0000000087d00000| Untracked 
|  76|0x0000000087e00000, 0x0000000087e00000, 0x0000000087f00000|  0%| F|  |TAMS 0x0000000087e00000, 0x0000000087e00000| Untracked 
|  77|0x0000000087f00000, 0x0000000087f00000, 0x0000000088000000|  0%| F|  |TAMS 0x0000000087f00000, 0x0000000087f00000| Untracked 
|  78|0x0000000088000000, 0x0000000088000000, 0x0000000088100000|  0%| F|  |TAMS 0x0000000088000000, 0x0000000088000000| Untracked 
|  79|0x0000000088100000, 0x0000000088100000, 0x0000000088200000|  0%| F|  |TAMS 0x0000000088100000, 0x0000000088100000| Untracked 
|  80|0x0000000088200000, 0x0000000088200000, 0x0000000088300000|  0%| F|  |TAMS 0x0000000088200000, 0x0000000088200000| Untracked 
|  81|0x0000000088300000, 0x0000000088300000, 0x0000000088400000|  0%| F|  |TAMS 0x0000000088300000, 0x0000000088300000| Untracked 
|  82|0x0000000088400000, 0x0000000088400000, 0x0000000088500000|  0%| F|  |TAMS 0x0000000088400000, 0x0000000088400000| Untracked 
|  83|0x0000000088500000, 0x0000000088500000, 0x0000000088600000|  0%| F|  |TAMS 0x0000000088500000, 0x0000000088500000| Untracked 
|  84|0x0000000088600000, 0x0000000088600000, 0x0000000088700000|  0%| F|  |TAMS 0x0000000088600000, 0x0000000088600000| Untracked 
|  85|0x0000000088700000, 0x0000000088700000, 0x0000000088800000|  0%| F|  |TAMS 0x0000000088700000, 0x0000000088700000| Untracked 
|  86|0x0000000088800000, 0x0000000088800000, 0x0000000088900000|  0%| F|  |TAMS 0x0000000088800000, 0x0000000088800000| Untracked 
|  87|0x0000000088900000, 0x0000000088900000, 0x0000000088a00000|  0%| F|  |TAMS 0x0000000088900000, 0x0000000088900000| Untracked 
|  88|0x0000000088a00000, 0x0000000088a00000, 0x0000000088b00000|  0%| F|  |TAMS 0x0000000088a00000, 0x0000000088a00000| Untracked 
|  89|0x0000000088b00000, 0x0000000088b00000, 0x0000000088c00000|  0%| F|  |TAMS 0x0000000088b00000, 0x0000000088b00000| Untracked 
|  90|0x0000000088c00000, 0x0000000088c00000, 0x0000000088d00000|  0%| F|  |TAMS 0x0000000088c00000, 0x0000000088c00000| Untracked 
|  91|0x0000000088d00000, 0x0000000088d00000, 0x0000000088e00000|  0%| F|  |TAMS 0x0000000088d00000, 0x0000000088d00000| Untracked 
|  92|0x0000000088e00000, 0x0000000088e00000, 0x0000000088f00000|  0%| F|  |TAMS 0x0000000088e00000, 0x0000000088e00000| Untracked 
|  93|0x0000000088f00000, 0x0000000088f00000, 0x0000000089000000|  0%| F|  |TAMS 0x0000000088f00000, 0x0000000088f00000| Untracked 
|  94|0x0000000089000000, 0x0000000089000000, 0x0000000089100000|  0%| F|  |TAMS 0x0000000089000000, 0x0000000089000000| Untracked 
|  95|0x0000000089100000, 0x0000000089100000, 0x0000000089200000|  0%| F|  |TAMS 0x0000000089100000, 0x0000000089100000| Untracked 
|  96|0x0000000089200000, 0x0000000089200000, 0x0000000089300000|  0%| F|  |TAMS 0x0000000089200000, 0x0000000089200000| Untracked 
|  97|0x0000000089300000, 0x0000000089300000, 0x0000000089400000|  0%| F|  |TAMS 0x0000000089300000, 0x0000000089300000| Untracked 
|  98|0x0000000089400000, 0x0000000089400000, 0x0000000089500000|  0%| F|  |TAMS 0x0000000089400000, 0x0000000089400000| Untracked 
|  99|0x0000000089500000, 0x0000000089500000, 0x0000000089600000|  0%| F|  |TAMS 0x0000000089500000, 0x0000000089500000| Untracked 
| 100|0x0000000089600000, 0x0000000089600000, 0x0000000089700000|  0%| F|  |TAMS 0x0000000089600000, 0x0000000089600000| Untracked 
| 101|0x0000000089700000, 0x0000000089700000, 0x0000000089800000|  0%| F|  |TAMS 0x0000000089700000, 0x0000000089700000| Untracked 
| 102|0x0000000089800000, 0x0000000089880800, 0x0000000089900000| 50%| E|  |TAMS 0x0000000089800000, 0x0000000089800000| Complete 
| 103|0x0000000089900000, 0x0000000089a00000, 0x0000000089a00000|100%| E|CS|TAMS 0x0000000089900000, 0x0000000089900000| Complete 
| 104|0x0000000089a00000, 0x0000000089b00000, 0x0000000089b00000|100%| E|CS|TAMS 0x0000000089a00000, 0x0000000089a00000| Complete 
| 105|0x0000000089b00000, 0x0000000089c00000, 0x0000000089c00000|100%| E|CS|TAMS 0x0000000089b00000, 0x0000000089b00000| Complete 
| 106|0x0000000089c00000, 0x0000000089d00000, 0x0000000089d00000|100%| E|CS|TAMS 0x0000000089c00000, 0x0000000089c00000| Complete 
| 107|0x0000000089d00000, 0x0000000089e00000, 0x0000000089e00000|100%| E|CS|TAMS 0x0000000089d00000, 0x0000000089d00000| Complete 
| 108|0x0000000089e00000, 0x0000000089f00000, 0x0000000089f00000|100%| E|CS|TAMS 0x0000000089e00000, 0x0000000089e00000| Complete 
| 109|0x0000000089f00000, 0x000000008a000000, 0x000000008a000000|100%| S|CS|TAMS 0x0000000089f00000, 0x0000000089f00000| Complete 
| 110|0x000000008a000000, 0x000000008a100000, 0x000000008a100000|100%| S|CS|TAMS 0x000000008a000000, 0x000000008a000000| Complete 
| 111|0x000000008a100000, 0x000000008a200000, 0x000000008a200000|100%| E|CS|TAMS 0x000000008a100000, 0x000000008a100000| Complete 
| 112|0x000000008a200000, 0x000000008a300000, 0x000000008a300000|100%| E|CS|TAMS 0x000000008a200000, 0x000000008a200000| Complete 
| 113|0x000000008a300000, 0x000000008a400000, 0x000000008a400000|100%| E|CS|TAMS 0x000000008a300000, 0x000000008a300000| Complete 
| 114|0x000000008a400000, 0x000000008a500000, 0x000000008a500000|100%| E|CS|TAMS 0x000000008a400000, 0x000000008a400000| Complete 
| 115|0x000000008a500000, 0x000000008a600000, 0x000000008a600000|100%| E|CS|TAMS 0x000000008a500000, 0x000000008a500000| Complete 
| 116|0x000000008a600000, 0x000000008a700000, 0x000000008a700000|100%| E|CS|TAMS 0x000000008a600000, 0x000000008a600000| Complete 
| 117|0x000000008a700000, 0x000000008a800000, 0x000000008a800000|100%| E|CS|TAMS 0x000000008a700000, 0x000000008a700000| Complete 
| 118|0x000000008a800000, 0x000000008a900000, 0x000000008a900000|100%| E|CS|TAMS 0x000000008a800000, 0x000000008a800000| Complete 
| 119|0x000000008a900000, 0x000000008aa00000, 0x000000008aa00000|100%| E|CS|TAMS 0x000000008a900000, 0x000000008a900000| Complete 
| 120|0x000000008aa00000, 0x000000008ab00000, 0x000000008ab00000|100%| E|CS|TAMS 0x000000008aa00000, 0x000000008aa00000| Complete 
| 121|0x000000008ab00000, 0x000000008ac00000, 0x000000008ac00000|100%| E|CS|TAMS 0x000000008ab00000, 0x000000008ab00000| Complete 
| 122|0x000000008ac00000, 0x000000008ad00000, 0x000000008ad00000|100%| E|CS|TAMS 0x000000008ac00000, 0x000000008ac00000| Complete 
| 123|0x000000008ad00000, 0x000000008ae00000, 0x000000008ae00000|100%| E|CS|TAMS 0x000000008ad00000, 0x000000008ad00000| Complete 
| 124|0x000000008ae00000, 0x000000008af00000, 0x000000008af00000|100%| E|CS|TAMS 0x000000008ae00000, 0x000000008ae00000| Complete 
| 125|0x000000008af00000, 0x000000008b000000, 0x000000008b000000|100%| E|CS|TAMS 0x000000008af00000, 0x000000008af00000| Complete 

Card table byte_map: [0x000001e46fe60000,0x000001e470250000] _byte_map_base: 0x000001e46fa47000

Marking Bits (Prev, Next): (CMBitMap*) 0x000001e4573e6df0, (CMBitMap*) 0x000001e4573e6e30
 Prev Bits: [0x000001e470640000, 0x000001e472578000)
 Next Bits: [0x000001e472580000, 0x000001e4744b8000)

Polling page: 0x000001e457460000

Metaspace:

Usage:
  Non-class:     13.77 MB used.
      Class:      1.94 MB used.
       Both:     15.71 MB used.

Virtual space:
  Non-class space:       64.00 MB reserved,      13.88 MB ( 22%) committed,  1 nodes.
      Class space:        1.00 GB reserved,       2.06 MB ( <1%) committed,  1 nodes.
             Both:        1.06 GB reserved,      15.94 MB (  1%) committed. 

Chunk freelists:
   Non-Class:  1.34 MB
       Class:  13.92 MB
        Both:  15.26 MB

MaxMetaspaceSize: unlimited
CompressedClassSpaceSize: 1.00 GB
Initial GC threshold: 21.00 MB
Current GC threshold: 21.00 MB
CDS: on
MetaspaceReclaimPolicy: balanced
 - commit_granule_bytes: 65536.
 - commit_granule_words: 8192.
 - virtual_space_node_default_size: 8388608.
 - enlarge_chunks_in_place: 1.
 - new_chunks_are_fully_committed: 0.
 - uncommit_free_chunks: 1.
 - use_allocation_guard: 0.
 - handle_deallocations: 1.


Internal statistics:

num_allocs_failed_limit: 0.
num_arena_births: 110.
num_arena_deaths: 0.
num_vsnodes_births: 2.
num_vsnodes_deaths: 0.
num_space_committed: 255.
num_space_uncommitted: 0.
num_chunks_returned_to_freelist: 0.
num_chunks_taken_from_freelist: 476.
num_chunk_merges: 0.
num_chunk_splits: 337.
num_chunks_enlarged: 284.
num_inconsistent_stats: 0.

CodeHeap 'non-profiled nmethods': size=120000Kb used=606Kb max_used=606Kb free=119393Kb
 bounds [0x000001e467f20000, 0x000001e468190000, 0x000001e46f450000]
CodeHeap 'profiled nmethods': size=120000Kb used=2916Kb max_used=2916Kb free=117083Kb
 bounds [0x000001e460450000, 0x000001e460730000, 0x000001e467980000]
CodeHeap 'non-nmethods': size=5760Kb used=1255Kb max_used=1262Kb free=4505Kb
 bounds [0x000001e467980000, 0x000001e467bf0000, 0x000001e467f20000]
 total_blobs=2072 nmethods=1522 adapters=463
 compilation: enabled
              stopped_count=0, restarted_count=0
 full_count=0

Compilation events (20 events):
Event: 2.976 Thread 0x000001e476ac4610 nmethod 1489 0x000001e467fb6210 code [0x000001e467fb63e0, 0x000001e467fb70c8]
Event: 2.977 Thread 0x000001e476ac4610 1496       4       java.net.URLStreamHandler::parseURL (1201 bytes)
Event: 2.991 Thread 0x000001e476af3cb0 1498       3       java.lang.invoke.DirectMethodHandle::maybeCompile (24 bytes)
Event: 2.992 Thread 0x000001e476af3cb0 nmethod 1498 0x000001e460713690 code [0x000001e460713840, 0x000001e460713a58]
Event: 3.010 Thread 0x000001e476af3cb0 1499       3       com.google.common.base.Preconditions::checkNotNull (14 bytes)
Event: 3.011 Thread 0x000001e476af3cb0 nmethod 1499 0x000001e460713b90 code [0x000001e460713d40, 0x000001e460713f28]
Event: 3.011 Thread 0x000001e476af3cb0 1500       1       com.google.common.collect.ImmutableEntry::getKey (5 bytes)
Event: 3.011 Thread 0x000001e476af3cb0 nmethod 1500 0x000001e467fb7690 code [0x000001e467fb7820, 0x000001e467fb78f8]
Event: 3.011 Thread 0x000001e476af3cb0 1501       3       java.util.HashMap::tableSizeFor (32 bytes)
Event: 3.011 Thread 0x000001e476af3cb0 nmethod 1501 0x000001e460714010 code [0x000001e4607141c0, 0x000001e4607143e8]
Event: 3.014 Thread 0x000001e476af3cb0 1502       3       java.util.LinkedHashMap$LinkedEntryIterator::next (5 bytes)
Event: 3.014 Thread 0x000001e476af3cb0 nmethod 1502 0x000001e460714490 code [0x000001e460714640, 0x000001e4607147c8]
Event: 3.015 Thread 0x000001e476af3cb0 1503       3       java.util.LinkedHashMap$LinkedKeyIterator::next (8 bytes)
Event: 3.016 Thread 0x000001e476af3cb0 nmethod 1503 0x000001e460714890 code [0x000001e460714a40, 0x000001e460714ba8]
Event: 3.016 Thread 0x000001e476af3cb0 1505       3       java.util.stream.Sink$ChainedReference::cancellationRequested (10 bytes)
Event: 3.016 Thread 0x000001e476af3cb0 nmethod 1505 0x000001e460714c90 code [0x000001e460714e40, 0x000001e460715008]
Event: 3.016 Thread 0x000001e476af3cb0 1506       3       java.lang.invoke.MemberName::isMethod (8 bytes)
Event: 3.016 Thread 0x000001e476af3cb0 nmethod 1506 0x000001e460715110 code [0x000001e4607152c0, 0x000001e4607154f8]
Event: 3.016 Thread 0x000001e476af3cb0 1504       3       org.openqa.selenium.json.JsonInput::peek (288 bytes)
Event: 3.017 Thread 0x000001e476af3cb0 nmethod 1504 0x000001e460715610 code [0x000001e460715a00, 0x000001e460717208]

GC Heap History (4 events):
Event: 0.330 GC heap before
{Heap before GC invocations=0 (full 0):
 garbage-first heap   total 129024K, used 13312K [0x0000000083200000, 0x0000000100000000)
  region size 1024K, 13 young (13312K), 0 survivors (0K)
 Metaspace       used 3216K, committed 3328K, reserved 1114112K
  class space    used 370K, committed 448K, reserved 1048576K
}
Event: 0.333 GC heap after
{Heap after GC invocations=1 (full 0):
 garbage-first heap   total 129024K, used 4107K [0x0000000083200000, 0x0000000100000000)
  region size 1024K, 2 young (2048K), 2 survivors (2048K)
 Metaspace       used 3216K, committed 3328K, reserved 1114112K
  class space    used 370K, committed 448K, reserved 1048576K
}
Event: 0.657 GC heap before
{Heap before GC invocations=1 (full 0):
 garbage-first heap   total 129024K, used 17419K [0x0000000083200000, 0x0000000100000000)
  region size 1024K, 15 young (15360K), 2 survivors (2048K)
 Metaspace       used 9868K, committed 9984K, reserved 1114112K
  class space    used 1132K, committed 1216K, reserved 1048576K
}
Event: 0.663 GC heap after
{Heap after GC invocations=2 (full 0):
 garbage-first heap   total 129024K, used 6426K [0x0000000083200000, 0x0000000100000000)
  region size 1024K, 2 young (2048K), 2 survivors (2048K)
 Metaspace       used 9868K, committed 9984K, reserved 1114112K
  class space    used 1132K, committed 1216K, reserved 1048576K
}

Deoptimization events (20 events):
Event: 0.932 Thread 0x000001e47bd23fc0 DEOPT PACKING pc=0x000001e467f9bdb4 sp=0x0000005641cfe390
Event: 0.932 Thread 0x000001e47bd23fc0 DEOPT UNPACKING pc=0x000001e4679d5ba3 sp=0x0000005641cfe318 mode 2
Event: 1.085 Thread 0x000001e457390170 DEOPT PACKING pc=0x000001e4605f20ea sp=0x00000056403fd0e0
Event: 1.085 Thread 0x000001e457390170 DEOPT UNPACKING pc=0x000001e4679d66e3 sp=0x00000056403fc5f0 mode 0
Event: 1.194 Thread 0x000001e47bda1e10 Uncommon trap: trap_request=0xffffff45 fr.pc=0x000001e467f8871c relative=0x000000000000025c
Event: 1.194 Thread 0x000001e47bda1e10 Uncommon trap: reason=unstable_if action=reinterpret pc=0x000001e467f8871c method=java.lang.invoke.VarHandle.checkExactAccessMode(Ljava/lang/invoke/VarHandle$AccessDescriptor;)V @ 4 c2
Event: 1.194 Thread 0x000001e47bda1e10 DEOPT PACKING pc=0x000001e467f8871c sp=0x00000056423fefb0
Event: 1.194 Thread 0x000001e47bda1e10 DEOPT UNPACKING pc=0x000001e4679d5ba3 sp=0x00000056423fef20 mode 2
Event: 1.203 Thread 0x000001e47bda1e10 Uncommon trap: trap_request=0xffffff45 fr.pc=0x000001e467f6d154 relative=0x0000000000000054
Event: 1.203 Thread 0x000001e47bda1e10 Uncommon trap: reason=unstable_if action=reinterpret pc=0x000001e467f6d154 method=java.lang.CharacterData.of(I)Ljava/lang/CharacterData; @ 15 c2
Event: 1.203 Thread 0x000001e47bda1e10 DEOPT PACKING pc=0x000001e467f6d154 sp=0x00000056423fe050
Event: 1.203 Thread 0x000001e47bda1e10 DEOPT UNPACKING pc=0x000001e4679d5ba3 sp=0x00000056423fdfe0 mode 2
Event: 1.248 Thread 0x000001e47bda1e10 Uncommon trap: trap_request=0xffffffde fr.pc=0x000001e467f8c658 relative=0x00000000000009b8
Event: 1.248 Thread 0x000001e47bda1e10 Uncommon trap: reason=class_check action=maybe_recompile pc=0x000001e467f8c658 method=java.util.HashMap.putVal(ILjava/lang/Object;Ljava/lang/Object;ZZ)Ljava/lang/Object; @ 91 c2
Event: 1.248 Thread 0x000001e47bda1e10 DEOPT PACKING pc=0x000001e467f8c658 sp=0x00000056423ff0a0
Event: 1.248 Thread 0x000001e47bda1e10 DEOPT UNPACKING pc=0x000001e4679d5ba3 sp=0x00000056423ff070 mode 2
Event: 1.248 Thread 0x000001e47bda1e10 Uncommon trap: trap_request=0xffffffde fr.pc=0x000001e467f8c658 relative=0x00000000000009b8
Event: 1.248 Thread 0x000001e47bda1e10 Uncommon trap: reason=class_check action=maybe_recompile pc=0x000001e467f8c658 method=java.util.HashMap.putVal(ILjava/lang/Object;Ljava/lang/Object;ZZ)Ljava/lang/Object; @ 91 c2
Event: 1.248 Thread 0x000001e47bda1e10 DEOPT PACKING pc=0x000001e467f8c658 sp=0x00000056423ff0a0
Event: 1.248 Thread 0x000001e47bda1e10 DEOPT UNPACKING pc=0x000001e4679d5ba3 sp=0x00000056423ff070 mode 2

Classes unloaded (0 events):
No events

Classes redefined (0 events):
No events

Internal exceptions (20 events):
Event: 0.714 Thread 0x000001e457390170 Exception <a 'java/lang/NoSuchMethodError'{0x000000008acb9d30}: 'void java.lang.invoke.DirectMethodHandle$Holder.invokeInterface(java.lang.Object, java.lang.Object, java.lang.Object)'> (0x000000008acb9d30) 
thrown [s\open\src\hotspot\share\interpreter\linkResolver.cpp, line 759]
Event: 0.716 Thread 0x000001e457390170 Exception <a 'java/lang/NoSuchMethodError'{0x000000008acce318}: 'java.lang.Object java.lang.invoke.DirectMethodHandle$Holder.invokeInterface(java.lang.Object, java.lang.Object, java.lang.Object)'> (0x000000008acce318) 
thrown [s\open\src\hotspot\share\interpreter\linkResolver.cpp, line 759]
Event: 0.717 Thread 0x000001e457390170 Exception <a 'java/lang/IncompatibleClassChangeError'{0x000000008acd1e80}: Found class java.lang.Object, but interface was expected> (0x000000008acd1e80) 
thrown [s\open\src\hotspot\share\interpreter\linkResolver.cpp, line 826]
Event: 0.717 Thread 0x000001e457390170 Exception <a 'java/lang/NoSuchMethodError'{0x000000008acda5f8}: 'int java.lang.invoke.DirectMethodHandle$Holder.invokeSpecialIFC(java.lang.Object, java.lang.Object, java.lang.Object, java.lang.Object)'> (0x000000008acda5f8) 
thrown [s\open\src\hotspot\share\interpreter\linkResolver.cpp, line 759]
Event: 0.926 Thread 0x000001e47bd23fc0 Exception <a 'java/lang/NoSuchMethodError'{0x000000008aa10918}: 'void java.lang.invoke.DirectMethodHandle$Holder.invokeStatic(java.lang.Object, long)'> (0x000000008aa10918) 
thrown [s\open\src\hotspot\share\interpreter\linkResolver.cpp, line 759]
Event: 0.927 Thread 0x000001e47bd23fc0 Exception <a 'java/lang/NoSuchMethodError'{0x000000008aa16038}: 'java.lang.Object java.lang.invoke.DirectMethodHandle$Holder.newInvokeSpecial(java.lang.Object, long)'> (0x000000008aa16038) 
thrown [s\open\src\hotspot\share\interpreter\linkResolver.cpp, line 759]
Event: 0.928 Thread 0x000001e47bd23fc0 Exception <a 'java/lang/NoSuchMethodError'{0x000000008aa20bb0}: 'java.lang.Object java.lang.invoke.DirectMethodHandle$Holder.invokeStaticInit(java.lang.Object, java.lang.Object, long, java.lang.Object)'> (0x000000008aa20bb0) 
thrown [s\open\src\hotspot\share\interpreter\linkResolver.cpp, line 759]
Event: 0.929 Thread 0x000001e47bd23fc0 Exception <a 'java/lang/NoSuchMethodError'{0x000000008aa26cc0}: 'java.lang.Object java.lang.invoke.DirectMethodHandle$Holder.newInvokeSpecial(java.lang.Object, java.lang.Object, long)'> (0x000000008aa26cc0) 
thrown [s\open\src\hotspot\share\interpreter\linkResolver.cpp, line 759]
Event: 0.930 Thread 0x000001e47bd23fc0 Exception <a 'java/lang/NoSuchMethodError'{0x000000008aa2afb0}: 'java.lang.Object java.lang.invoke.Invokers$Holder.linkToTargetMethod(java.lang.Object, long, java.lang.Object)'> (0x000000008aa2afb0) 
thrown [s\open\src\hotspot\share\interpreter\linkResolver.cpp, line 759]
Event: 0.994 Thread 0x000001e457390170 Exception <a 'java/lang/NoSuchMethodError'{0x000000008a93db50}: 'int java.lang.invoke.DirectMethodHandle$Holder.invokeVirtual(java.lang.Object, java.lang.Object)'> (0x000000008a93db50) 
thrown [s\open\src\hotspot\share\interpreter\linkResolver.cpp, line 759]
Event: 0.994 Thread 0x000001e457390170 Exception <a 'java/lang/NoSuchMethodError'{0x000000008a944070}: 'double java.lang.invoke.DirectMethodHandle$Holder.invokeVirtual(java.lang.Object, java.lang.Object)'> (0x000000008a944070) 
thrown [s\open\src\hotspot\share\interpreter\linkResolver.cpp, line 759]
Event: 0.995 Thread 0x000001e457390170 Exception <a 'java/lang/NoSuchMethodError'{0x000000008a94a818}: 'float java.lang.invoke.DirectMethodHandle$Holder.invokeVirtual(java.lang.Object, java.lang.Object)'> (0x000000008a94a818) 
thrown [s\open\src\hotspot\share\interpreter\linkResolver.cpp, line 759]
Event: 0.995 Thread 0x000001e457390170 Exception <a 'java/lang/NoSuchMethodError'{0x000000008a9539a8}: 'long java.lang.invoke.DirectMethodHandle$Holder.invokeVirtual(java.lang.Object, java.lang.Object)'> (0x000000008a9539a8) 
thrown [s\open\src\hotspot\share\interpreter\linkResolver.cpp, line 759]
Event: 0.998 Thread 0x000001e457390170 Exception <a 'java/lang/NoSuchMethodError'{0x000000008a981c70}: 'void java.lang.invoke.DirectMethodHandle$Holder.invokeStatic(java.lang.Object, java.lang.Object, java.lang.Object)'> (0x000000008a981c70) 
thrown [s\open\src\hotspot\share\interpreter\linkResolver.cpp, line 759]
Event: 0.999 Thread 0x000001e457390170 Exception <a 'java/lang/NoSuchMethodError'{0x000000008a988210}: 'java.lang.Object java.lang.invoke.DirectMethodHandle$Holder.invokeVirtual(java.lang.Object, java.lang.Object, java.lang.Object)'> (0x000000008a988210) 
thrown [s\open\src\hotspot\share\interpreter\linkResolver.cpp, line 759]
Event: 1.020 Thread 0x000001e457390170 Exception <a 'java/lang/NoSuchMethodError'{0x000000008a8aa858}: 'java.lang.Object java.lang.invoke.DirectMethodHandle$Holder.newInvokeSpecial(java.lang.Object, java.lang.Object, int, int)'> (0x000000008a8aa858) 
thrown [s\open\src\hotspot\share\interpreter\linkResolver.cpp, line 759]
Event: 1.021 Thread 0x000001e457390170 Exception <a 'java/lang/NoSuchMethodError'{0x000000008a8b52f8}: 'void java.lang.invoke.DirectMethodHandle$Holder.invokeStatic(java.lang.Object, java.lang.Object, int)'> (0x000000008a8b52f8) 
thrown [s\open\src\hotspot\share\interpreter\linkResolver.cpp, line 759]
Event: 1.036 Thread 0x000001e457390170 Exception <a 'java/lang/NoSuchMethodError'{0x000000008a7987e0}: 'java.lang.Object java.lang.invoke.DirectMethodHandle$Holder.newInvokeSpecial(java.lang.Object, java.lang.Object, java.lang.Object, java.lang.Object, java.lang.Object)'> (0x000000008a7987e0) 
thrown [s\open\src\hotspot\share\interpreter\linkResolver.cpp, line 759]
Event: 1.066 Thread 0x000001e457390170 Exception <a 'java/lang/NoSuchMethodError'{0x000000008a6e7930}: 'int java.lang.invoke.DirectMethodHandle$Holder.invokeSpecialIFC(java.lang.Object, java.lang.Object, java.lang.Object)'> (0x000000008a6e7930) 
thrown [s\open\src\hotspot\share\interpreter\linkResolver.cpp, line 759]
Event: 1.085 Thread 0x000001e457390170 Exception <a 'java/lang/NoSuchMethodError'{0x000000008a5afb30}: 'void java.lang.invoke.DirectMethodHandle$Holder.invokeStatic(java.lang.Object, java.lang.Object, java.lang.Object, java.lang.Object)'> (0x000000008a5afb30) 
thrown [s\open\src\hotspot\share\interpreter\linkResolver.cpp, line 759]

VM Operations (20 events):
Event: 0.330 Executing VM operation: G1CollectForAllocation
Event: 0.333 Executing VM operation: G1CollectForAllocation done
Event: 0.393 Executing VM operation: HandshakeAllThreads
Event: 0.393 Executing VM operation: HandshakeAllThreads done
Event: 0.425 Executing VM operation: HandshakeAllThreads
Event: 0.425 Executing VM operation: HandshakeAllThreads done
Event: 0.627 Executing VM operation: HandshakeAllThreads
Event: 0.627 Executing VM operation: HandshakeAllThreads done
Event: 0.657 Executing VM operation: G1CollectForAllocation
Event: 0.663 Executing VM operation: G1CollectForAllocation done
Event: 0.982 Executing VM operation: HandshakeAllThreads
Event: 0.982 Executing VM operation: HandshakeAllThreads done
Event: 0.983 Executing VM operation: HandshakeAllThreads
Event: 0.983 Executing VM operation: HandshakeAllThreads done
Event: 0.984 Executing VM operation: HandshakeAllThreads
Event: 0.984 Executing VM operation: HandshakeAllThreads done
Event: 1.993 Executing VM operation: Cleanup
Event: 1.993 Executing VM operation: Cleanup done
Event: 3.001 Executing VM operation: Cleanup
Event: 3.002 Executing VM operation: Cleanup done

Events (20 events):
Event: 1.232 loading class java/io/PushbackInputStream
Event: 1.232 loading class java/io/PushbackInputStream done
Event: 1.242 loading class java/nio/charset/IllegalCharsetNameException
Event: 1.242 loading class java/nio/charset/IllegalCharsetNameException done
Event: 1.242 loading class java/nio/charset/UnsupportedCharsetException
Event: 1.242 loading class java/nio/charset/UnsupportedCharsetException done
Event: 1.246 loading class sun/nio/ch/IOVecWrapper
Event: 1.247 loading class sun/nio/ch/IOVecWrapper done
Event: 1.247 loading class sun/nio/ch/AllocatedNativeObject
Event: 1.247 loading class sun/nio/ch/NativeObject
Event: 1.247 loading class sun/nio/ch/NativeObject done
Event: 1.247 loading class sun/nio/ch/AllocatedNativeObject done
Event: 1.247 loading class sun/nio/ch/IOVecWrapper$Deallocator
Event: 1.247 loading class sun/nio/ch/IOVecWrapper$Deallocator done
Event: 2.964 loading class java/util/concurrent/ConcurrentLinkedDeque
Event: 2.964 loading class java/util/concurrent/ConcurrentLinkedDeque done
Event: 2.964 loading class java/util/concurrent/ConcurrentLinkedDeque$Node
Event: 2.964 loading class java/util/concurrent/ConcurrentLinkedDeque$Node done
Event: 2.990 loading class java/util/DualPivotQuicksort
Event: 2.990 loading class java/util/DualPivotQuicksort done


Dynamic libraries:
0x00007ff706c00000 - 0x00007ff706c10000 	C:\Program Files\Java\jdk-17\bin\javaw.exe
0x00007fffe35f0000 - 0x00007fffe37e7000 	C:\Windows\SYSTEM32\ntdll.dll
0x00007fffe21f0000 - 0x00007fffe22ad000 	C:\Windows\System32\KERNEL32.DLL
0x00007fffe1040000 - 0x00007fffe1336000 	C:\Windows\System32\KERNELBASE.dll
0x00007fffe1340000 - 0x00007fffe1440000 	C:\Windows\System32\ucrtbase.dll
0x00007fffcfb90000 - 0x00007fffcfbab000 	C:\Program Files\Java\jdk-17\bin\VCRUNTIME140.dll
0x00007fffcfbb0000 - 0x00007fffcfbc9000 	C:\Program Files\Java\jdk-17\bin\jli.dll
0x00007fffe3450000 - 0x00007fffe34fe000 	C:\Windows\System32\ADVAPI32.dll
0x00007fffe2a50000 - 0x00007fffe2aee000 	C:\Windows\System32\msvcrt.dll
0x00007fffe3140000 - 0x00007fffe31dc000 	C:\Windows\System32\sechost.dll
0x00007fffe32b0000 - 0x00007fffe33d6000 	C:\Windows\System32\RPCRT4.dll
0x00007fffe1650000 - 0x00007fffe17ee000 	C:\Windows\System32\USER32.dll
0x00007fffe0cd0000 - 0x00007fffe0cf2000 	C:\Windows\System32\win32u.dll
0x00007fffe3060000 - 0x00007fffe308c000 	C:\Windows\System32\GDI32.dll
0x00007fffe1440000 - 0x00007fffe155a000 	C:\Windows\System32\gdi32full.dll
0x00007fffe0fa0000 - 0x00007fffe103d000 	C:\Windows\System32\msvcp_win.dll
0x00007fffcc620000 - 0x00007fffcc8ba000 	C:\Windows\WinSxS\amd64_microsoft.windows.common-controls_6595b64144ccf1df_6.0.19041.3570_none_60bb2a3971f3e41a\COMCTL32.dll
0x00007fffd6e00000 - 0x00007fffd6e0a000 	C:\Windows\SYSTEM32\VERSION.dll
0x00007fffe2160000 - 0x00007fffe2190000 	C:\Windows\System32\IMM32.DLL
0x00007fffd8fd0000 - 0x00007fffd8fdc000 	C:\Program Files\Java\jdk-17\bin\vcruntime140_1.dll
0x00007fffadbb0000 - 0x00007fffadc3e000 	C:\Program Files\Java\jdk-17\bin\msvcp140.dll
0x00007fff4ef40000 - 0x00007fff4fb21000 	C:\Program Files\Java\jdk-17\bin\server\jvm.dll
0x00007fffe2830000 - 0x00007fffe2838000 	C:\Windows\System32\PSAPI.DLL
0x00007fffdf190000 - 0x00007fffdf1b7000 	C:\Windows\SYSTEM32\WINMM.dll
0x00007fffb5090000 - 0x00007fffb5099000 	C:\Windows\SYSTEM32\WSOCK32.dll
0x00007fffe33e0000 - 0x00007fffe344b000 	C:\Windows\System32\WS2_32.dll
0x00007fffdf500000 - 0x00007fffdf512000 	C:\Windows\SYSTEM32\kernel.appcore.dll
0x00007fffdd300000 - 0x00007fffdd30a000 	C:\Program Files\Java\jdk-17\bin\jimage.dll
0x00007fffde7a0000 - 0x00007fffde984000 	C:\Windows\SYSTEM32\DBGHELP.DLL
0x00007fffdf150000 - 0x00007fffdf184000 	C:\Windows\SYSTEM32\dbgcore.DLL
0x00007fffe0db0000 - 0x00007fffe0e32000 	C:\Windows\System32\bcryptPrimitives.dll
0x00007fffcc300000 - 0x00007fffcc325000 	C:\Program Files\Java\jdk-17\bin\java.dll
0x00007fffa4900000 - 0x00007fffa49d7000 	C:\Program Files\Java\jdk-17\bin\jsvml.dll
0x00007fffe17f0000 - 0x00007fffe1f34000 	C:\Windows\System32\SHELL32.dll
0x00007fffde9b0000 - 0x00007fffdf14b000 	C:\Windows\SYSTEM32\windows.storage.dll
0x00007fffe2af0000 - 0x00007fffe2e44000 	C:\Windows\System32\combase.dll
0x00007fffe0710000 - 0x00007fffe073d000 	C:\Windows\SYSTEM32\Wldp.dll
0x00007fffe3500000 - 0x00007fffe35ad000 	C:\Windows\System32\SHCORE.dll
0x00007fffe2840000 - 0x00007fffe2895000 	C:\Windows\System32\shlwapi.dll
0x00007fffe0c00000 - 0x00007fffe0c25000 	C:\Windows\SYSTEM32\profapi.dll
0x00007fffd8f90000 - 0x00007fffd8fa9000 	C:\Program Files\Java\jdk-17\bin\net.dll
0x00007fffda860000 - 0x00007fffda96a000 	C:\Windows\SYSTEM32\WINHTTP.dll
0x00007fffe0470000 - 0x00007fffe04da000 	C:\Windows\system32\mswsock.dll
0x00007fffd65d0000 - 0x00007fffd65e6000 	C:\Program Files\Java\jdk-17\bin\nio.dll
0x00007fffcef10000 - 0x00007fffcef28000 	C:\Program Files\Java\jdk-17\bin\zip.dll
0x00007fffe0150000 - 0x00007fffe021a000 	C:\Windows\SYSTEM32\DNSAPI.dll
0x00007fffe0110000 - 0x00007fffe014b000 	C:\Windows\SYSTEM32\IPHLPAPI.DLL
0x00007fffe20e0000 - 0x00007fffe20e8000 	C:\Windows\System32\NSI.dll
0x00007fffd5b30000 - 0x00007fffd5b3a000 	C:\Windows\System32\rasadhlp.dll
0x00007fffcec50000 - 0x00007fffcecd2000 	C:\Windows\System32\fwpuclnt.dll
0x00007fffe1620000 - 0x00007fffe1647000 	C:\Windows\System32\bcrypt.dll
0x00007fffdd2f0000 - 0x00007fffdd300000 	C:\Program Files\Java\jdk-17\bin\verify.dll
0x00007fffcf9e0000 - 0x00007fffcf9ea000 	C:\Program Files\Java\jdk-17\bin\management.dll
0x00007fffcee80000 - 0x00007fffcee8b000 	C:\Program Files\Java\jdk-17\bin\management_ext.dll
0x00007fffd9060000 - 0x00007fffd906e000 	C:\Program Files\Java\jdk-17\bin\sunmscapi.dll
0x00007fffe0e40000 - 0x00007fffe0f9d000 	C:\Windows\System32\CRYPT32.dll
0x00007fffe0780000 - 0x00007fffe07a7000 	C:\Windows\SYSTEM32\ncrypt.dll
0x00007fffe0740000 - 0x00007fffe077b000 	C:\Windows\SYSTEM32\NTASN1.dll
0x00007fffe0670000 - 0x00007fffe0688000 	C:\Windows\SYSTEM32\CRYPTSP.dll
0x00007fffdfd10000 - 0x00007fffdfd44000 	C:\Windows\system32\rsaenh.dll
0x00007fffe0bc0000 - 0x00007fffe0bee000 	C:\Windows\SYSTEM32\USERENV.dll
0x00007fffe0660000 - 0x00007fffe066c000 	C:\Windows\SYSTEM32\CRYPTBASE.dll
0x00007fffd4780000 - 0x00007fffd4797000 	C:\Windows\SYSTEM32\dhcpcsvc6.DLL
0x00007fffd4f90000 - 0x00007fffd4fad000 	C:\Windows\SYSTEM32\dhcpcsvc.DLL
0x00007fffd8fb0000 - 0x00007fffd8fb7000 	C:\Windows\system32\wshunix.dll

dbghelp: loaded successfully - version: 4.0.5 - missing functions: none
symbol engine: initialized successfully - sym options: 0x614 - pdb path: .;C:\Program Files\Java\jdk-17\bin;C:\Windows\SYSTEM32;C:\Windows\WinSxS\amd64_microsoft.windows.common-controls_6595b64144ccf1df_6.0.19041.3570_none_60bb2a3971f3e41a;C:\Program Files\Java\jdk-17\bin\server

VM Arguments:
jvm_args: -Dfile.encoding=UTF-8 -Dstdout.encoding=UTF-8 -Dstderr.encoding=UTF-8 -XX:+ShowCodeDetailsInExceptionMessages 
java_command: handleWebElement.WebElementLocator
java_class_path (initial): C:\Users\Lenovo\javaProject\handleWebElement\target\test-classes;C:\Users\Lenovo\javaProject\handleWebElement\target\classes;C:\Users\Lenovo\.m2\repository\org\seleniumhq\selenium\selenium-java\4.11.0\selenium-java-4.11.0.jar;C:\Users\Lenovo\.m2\repository\org\seleniumhq\selenium\selenium-api\4.11.0\selenium-api-4.11.0.jar;C:\Users\Lenovo\.m2\repository\org\seleniumhq\selenium\selenium-chrome-driver\4.11.0\selenium-chrome-driver-4.11.0.jar;C:\Users\Lenovo\.m2\repository\com\google\auto\service\auto-service-annotations\1.0.1\auto-service-annotations-1.0.1.jar;C:\Users\Lenovo\.m2\repository\com\google\guava\guava\31.1-jre\guava-31.1-jre.jar;C:\Users\Lenovo\.m2\repository\com\google\guava\failureaccess\1.0.1\failureaccess-1.0.1.jar;C:\Users\Lenovo\.m2\repository\com\google\guava\listenablefuture\9999.0-empty-to-avoid-conflict-with-guava\listenablefuture-9999.0-empty-to-avoid-conflict-with-guava.jar;C:\Users\Lenovo\.m2\repository\com\google\code\findbugs\jsr305\3.0.2\jsr305-3.0.2.jar;C:\Users\Lenovo\.m2\repository\org\checkerframework\checker-qual\3.12.0\checker-qual-3.12.0.jar;C:\Users\Lenovo\.m2\repository\com\google\errorprone\error_prone_annotations\2.11.0\error_prone_annotations-2.11.0.jar;C:\Users\Lenovo\.m2\repository\com\google\j2objc\j2objc-annotations\1.3\j2objc-annotations-1.3.jar;C:\Users\Lenovo\.m2\repository\org\seleniumhq\selenium\selenium-chromium-driver\4.11.0\selenium-chromium-driver-4.11.0.jar;C:\Users\Lenovo\.m2\repository\org\seleniumhq\selenium\selenium-json\4.11.0\selenium-json-4.11.0.jar;C:\Users\Lenovo\.m2\repository\org\seleniumhq\selenium\selenium-manager\4.11.0\selenium-manager-4.11.0.jar;C:\Users\Lenovo\.m2\repository\org\seleniumhq\selenium\selenium-devtools-v113\4.11.0\selenium-devtools-v113-4.11.0.jar;C:\Users\Lenovo\.m2\repository\org\seleniumhq\selenium\selenium-devtools-v114\4.11.0\selenium-devtools-v114-4.11.0.jar;C:\Users\Lenovo\.m2\repository\org\seleniumhq\selenium\selenium-devtools-v115\4.11.0\selenium
Launcher Type: SUN_STANDARD

[Global flags]
     intx CICompilerCount                          = 3                                         {product} {ergonomic}
     uint ConcGCThreads                            = 1                                         {product} {ergonomic}
     uint G1ConcRefinementThreads                  = 4                                         {product} {ergonomic}
   size_t G1HeapRegionSize                         = 1048576                                   {product} {ergonomic}
    uintx GCDrainStackTargetSize                   = 64                                        {product} {ergonomic}
   size_t InitialHeapSize                          = 132120576                                 {product} {ergonomic}
   size_t MarkStackSize                            = 4194304                                   {product} {ergonomic}
   size_t MaxHeapSize                              = 2095054848                                {product} {ergonomic}
   size_t MaxNewSize                               = 1256194048                                {product} {ergonomic}
   size_t MinHeapDeltaBytes                        = 1048576                                   {product} {ergonomic}
   size_t MinHeapSize                              = 8388608                                   {product} {ergonomic}
    uintx NonNMethodCodeHeapSize                   = 5832780                                {pd product} {ergonomic}
    uintx NonProfiledCodeHeapSize                  = 122912730                              {pd product} {ergonomic}
    uintx ProfiledCodeHeapSize                     = 122912730                              {pd product} {ergonomic}
    uintx ReservedCodeCacheSize                    = 251658240                              {pd product} {ergonomic}
     bool SegmentedCodeCache                       = true                                      {product} {ergonomic}
     bool ShowCodeDetailsInExceptionMessages       = true                                   {manageable} {command line}
   size_t SoftMaxHeapSize                          = 2095054848                             {manageable} {ergonomic}
     bool UseCompressedClassPointers               = true                           {product lp64_product} {ergonomic}
     bool UseCompressedOops                        = true                           {product lp64_product} {ergonomic}
     bool UseG1GC                                  = true                                      {product} {ergonomic}
     bool UseLargePagesIndividualAllocation        = false                                  {pd product} {ergonomic}

Logging:
Log output configuration:
 #0: stdout all=warning uptime,level,tags
 #1: stderr all=off uptime,level,tags

Environment Variables:
JAVA_HOME=C:\Program Files\Java\jdk-21
PATH=C:/Program Files/Java/jdk-17/bin/server;C:/Program Files/Java/jdk-17/bin;C:\Program Files\Common Files\Oracle\Java\javapath;C:\Program Files (x86)\Common Files\Oracle\Java\javapath;C:\Windows\system32;C:\Windows;C:\Windows\System32\Wbem;C:\Windows\System32\WindowsPowerShell\v1.0\;C:\Windows\System32\OpenSSH\;C:\Program Files\Git\cmd;C:\Program Files\nodejs\;C:\Program Files\MySQL\MySQL Server 8.0\bin;C:\Program Files\Java\jdk-21\bin;C:\Program Files\Common Files\Oracle\Java\javapath;C:\webdrivers;C:\Program Files\MySQL\MySQL Shell 8.0\bin\;C:\Users\Lenovo\AppData\Local\Microsoft\WindowsApps;C:\Users\Lenovo\AppData\Local\Programs\Microsoft VS Code\bin;C:\Users\Lenovo\AppData\Roaming\npm;C:\Users\Lenovo\AppData\Local\Programs\Hyper\resources\bin;C:\Program Files\heroku\bin;C:\Program Files\MongoDB\Server\6.0\bin;C:\Program Files\Mongosh\mongosh-1.9.1-win32-x64\bin;;C:\Users\Lenovo\Desktop;
USERNAME=Lenovo
OS=Windows_NT
PROCESSOR_IDENTIFIER=Intel64 Family 6 Model 140 Stepping 1, GenuineIntel



---------------  S Y S T E M  ---------------

OS:
 Windows 10 , 64 bit Build 19041 (10.0.19041.3570)
OS uptime: 28 days 9:05 hours

CPU: total 4 (initial active 4) (2 cores per cpu, 2 threads per core) family 6 model 140 stepping 1 microcode 0x9a, cx8, cmov, fxsr, ht, mmx, 3dnowpref, sse, sse2, sse3, ssse3, sse4.1, sse4.2, popcnt, lzcnt, tsc, tscinvbit, avx, avx2, aes, erms, clmul, bmi1, bmi2, adx, avx512f, avx512dq, avx512cd, avx512bw, avx512vl, sha, fma, vzeroupper, avx512_vpopcntdq, avx512_vpclmulqdq, avx512_vaes, avx512_vnni, clflush, clflushopt, clwb, avx512_vbmi2, avx512_vbmi

Memory: 4k page, system-wide physical 7991M (437M free)
TotalPageFile size 22049M (AvailPageFile size 3M)
current process WorkingSet (physical memory assigned to process): 106M, peak: 106M
current process commit charge ("private bytes"): 237M, peak: 237M

vm_info: Java HotSpot(TM) 64-Bit Server VM (17.0.9+11-LTS-201) for windows-amd64 JRE (17.0.9+11-LTS-201), built on Oct 10 2023 23:16:06 by "mach5one" with MS VC++ 17.1 (VS2022)

END.
